{"/Users/pepe/pepe/HR/FEC/Booking-Service/client/src/components/AllMonths.jsx": {"path":"/Users/pepe/pepe/HR/FEC/Booking-Service/client/src/components/AllMonths.jsx","statementMap":{"0":{"start":{"line":8,"column":18},"end":{"line":12,"column":1}},"1":{"start":{"line":14,"column":27},"end":{"line":19,"column":1}},"2":{"start":{"line":21,"column":28},"end":{"line":26,"column":1}},"3":{"start":{"line":28,"column":13},"end":{"line":33,"column":1}},"4":{"start":{"line":37,"column":4},"end":{"line":37,"column":17}},"5":{"start":{"line":38,"column":4},"end":{"line":38,"column":20}},"6":{"start":{"line":42,"column":42},"end":{"line":42,"column":52}},"7":{"start":{"line":43,"column":19},"end":{"line":45,"column":27}},"8":{"start":{"line":44,"column":66},"end":{"line":44,"column":176}},"9":{"start":{"line":44,"column":89},"end":{"line":44,"column":167}},"10":{"start":{"line":46,"column":19},"end":{"line":48,"column":27}},"11":{"start":{"line":47,"column":65},"end":{"line":47,"column":175}},"12":{"start":{"line":47,"column":88},"end":{"line":47,"column":166}},"13":{"start":{"line":49,"column":4},"end":{"line":54,"column":6}}},"fnMap":{"0":{"name":"(anonymous_0)","decl":{"start":{"line":36,"column":2},"end":{"line":36,"column":3}},"loc":{"start":{"line":36,"column":21},"end":{"line":39,"column":3}},"line":36},"1":{"name":"(anonymous_1)","decl":{"start":{"line":41,"column":2},"end":{"line":41,"column":3}},"loc":{"start":{"line":41,"column":11},"end":{"line":55,"column":3}},"line":41},"2":{"name":"(anonymous_2)","decl":{"start":{"line":44,"column":58},"end":{"line":44,"column":59}},"loc":{"start":{"line":44,"column":66},"end":{"line":44,"column":176}},"line":44},"3":{"name":"(anonymous_3)","decl":{"start":{"line":44,"column":82},"end":{"line":44,"column":83}},"loc":{"start":{"line":44,"column":89},"end":{"line":44,"column":167}},"line":44},"4":{"name":"(anonymous_4)","decl":{"start":{"line":47,"column":57},"end":{"line":47,"column":58}},"loc":{"start":{"line":47,"column":65},"end":{"line":47,"column":175}},"line":47},"5":{"name":"(anonymous_5)","decl":{"start":{"line":47,"column":81},"end":{"line":47,"column":82}},"loc":{"start":{"line":47,"column":88},"end":{"line":47,"column":166}},"line":47}},"branchMap":{"0":{"loc":{"start":{"line":43,"column":19},"end":{"line":45,"column":27}},"type":"cond-expr","locations":[{"start":{"line":44,"column":8},"end":{"line":44,"column":200}},{"start":{"line":45,"column":8},"end":{"line":45,"column":27}}],"line":43},"1":{"loc":{"start":{"line":46,"column":19},"end":{"line":48,"column":27}},"type":"cond-expr","locations":[{"start":{"line":47,"column":8},"end":{"line":47,"column":198}},{"start":{"line":48,"column":8},"end":{"line":48,"column":27}}],"line":46}},"s":{"0":1,"1":1,"2":1,"3":1,"4":0,"5":0,"6":0,"7":0,"8":0,"9":0,"10":0,"11":0,"12":0,"13":0},"f":{"0":0,"1":0,"2":0,"3":0,"4":0,"5":0},"b":{"0":[0,0],"1":[0,0]},"_coverageSchema":"1a1c01bbd47fc00a2c39e90264f33305004495a9","hash":"06d444c0e1e063f27d0031a91e92fab80c83211d"}
,"/Users/pepe/pepe/HR/FEC/Booking-Service/client/src/components/App.jsx": {"path":"/Users/pepe/pepe/HR/FEC/Booking-Service/client/src/components/App.jsx","statementMap":{"0":{"start":{"line":11,"column":18},"end":{"line":16,"column":1}},"1":{"start":{"line":18,"column":0},"end":{"line":22,"column":1}},"2":{"start":{"line":19,"column":13},"end":{"line":19,"column":37}},"3":{"start":{"line":20,"column":2},"end":{"line":20,"column":38}},"4":{"start":{"line":21,"column":2},"end":{"line":21,"column":14}},"5":{"start":{"line":25,"column":18},"end":{"line":25,"column":29}},"6":{"start":{"line":26,"column":20},"end":{"line":26,"column":29}},"7":{"start":{"line":27,"column":2},"end":{"line":30,"column":3}},"8":{"start":{"line":28,"column":4},"end":{"line":28,"column":42}},"9":{"start":{"line":29,"column":4},"end":{"line":29,"column":41}},"10":{"start":{"line":31,"column":2},"end":{"line":31,"column":19}},"11":{"start":{"line":36,"column":4},"end":{"line":36,"column":17}},"12":{"start":{"line":37,"column":4},"end":{"line":58,"column":6}},"13":{"start":{"line":61,"column":4},"end":{"line":61,"column":43}},"14":{"start":{"line":62,"column":4},"end":{"line":62,"column":61}},"15":{"start":{"line":63,"column":4},"end":{"line":63,"column":45}},"16":{"start":{"line":64,"column":4},"end":{"line":64,"column":51}},"17":{"start":{"line":65,"column":4},"end":{"line":65,"column":51}},"18":{"start":{"line":66,"column":4},"end":{"line":66,"column":57}},"19":{"start":{"line":67,"column":4},"end":{"line":67,"column":49}},"20":{"start":{"line":68,"column":4},"end":{"line":68,"column":55}},"21":{"start":{"line":69,"column":4},"end":{"line":69,"column":61}},"22":{"start":{"line":70,"column":4},"end":{"line":70,"column":55}},"23":{"start":{"line":71,"column":4},"end":{"line":71,"column":57}},"24":{"start":{"line":72,"column":4},"end":{"line":72,"column":53}},"25":{"start":{"line":73,"column":4},"end":{"line":73,"column":67}},"26":{"start":{"line":74,"column":4},"end":{"line":74,"column":57}},"27":{"start":{"line":75,"column":4},"end":{"line":75,"column":65}},"28":{"start":{"line":76,"column":4},"end":{"line":76,"column":69}},"29":{"start":{"line":77,"column":4},"end":{"line":77,"column":67}},"30":{"start":{"line":78,"column":4},"end":{"line":78,"column":55}},"31":{"start":{"line":79,"column":4},"end":{"line":79,"column":57}},"32":{"start":{"line":80,"column":4},"end":{"line":80,"column":49}},"33":{"start":{"line":81,"column":4},"end":{"line":81,"column":59}},"34":{"start":{"line":82,"column":4},"end":{"line":82,"column":65}},"35":{"start":{"line":83,"column":4},"end":{"line":83,"column":55}},"36":{"start":{"line":84,"column":4},"end":{"line":84,"column":57}},"37":{"start":{"line":85,"column":4},"end":{"line":85,"column":73}},"38":{"start":{"line":89,"column":17},"end":{"line":89,"column":21}},"39":{"start":{"line":90,"column":4},"end":{"line":96,"column":9}},"40":{"start":{"line":92,"column":8},"end":{"line":92,"column":83}},"41":{"start":{"line":92,"column":52},"end":{"line":92,"column":81}},"42":{"start":{"line":95,"column":8},"end":{"line":95,"column":25}},"43":{"start":{"line":100,"column":31},"end":{"line":100,"column":41}},"44":{"start":{"line":101,"column":4},"end":{"line":105,"column":5}},"45":{"start":{"line":102,"column":6},"end":{"line":102,"column":45}},"46":{"start":{"line":104,"column":6},"end":{"line":104,"column":44}},"47":{"start":{"line":109,"column":57},"end":{"line":109,"column":67}},"48":{"start":{"line":110,"column":15},"end":{"line":110,"column":26}},"49":{"start":{"line":111,"column":30},"end":{"line":111,"column":34}},"50":{"start":{"line":112,"column":17},"end":{"line":112,"column":61}},"51":{"start":{"line":113,"column":16},"end":{"line":113,"column":32}},"52":{"start":{"line":114,"column":4},"end":{"line":148,"column":5}},"53":{"start":{"line":115,"column":16},"end":{"line":115,"column":19}},"54":{"start":{"line":116,"column":16},"end":{"line":118,"column":11}},"55":{"start":{"line":119,"column":18},"end":{"line":125,"column":14}},"56":{"start":{"line":126,"column":6},"end":{"line":126,"column":102}},"57":{"start":{"line":126,"column":77},"end":{"line":126,"column":100}},"58":{"start":{"line":128,"column":16},"end":{"line":130,"column":11}},"59":{"start":{"line":131,"column":16},"end":{"line":137,"column":14}},"60":{"start":{"line":138,"column":18},"end":{"line":146,"column":14}},"61":{"start":{"line":147,"column":6},"end":{"line":147,"column":102}},"62":{"start":{"line":147,"column":77},"end":{"line":147,"column":100}},"63":{"start":{"line":152,"column":39},"end":{"line":152,"column":49}},"64":{"start":{"line":153,"column":17},"end":{"line":153,"column":28}},"65":{"start":{"line":154,"column":35},"end":{"line":154,"column":39}},"66":{"start":{"line":155,"column":19},"end":{"line":155,"column":62}},"67":{"start":{"line":156,"column":4},"end":{"line":156,"column":81}},"68":{"start":{"line":156,"column":53},"end":{"line":156,"column":79}},"69":{"start":{"line":160,"column":70},"end":{"line":160,"column":80}},"70":{"start":{"line":161,"column":17},"end":{"line":161,"column":28}},"71":{"start":{"line":162,"column":63},"end":{"line":162,"column":67}},"72":{"start":{"line":164,"column":16},"end":{"line":164,"column":34}},"73":{"start":{"line":165,"column":4},"end":{"line":165,"column":30}},"74":{"start":{"line":166,"column":4},"end":{"line":166,"column":38}},"75":{"start":{"line":167,"column":4},"end":{"line":167,"column":59}},"76":{"start":{"line":168,"column":4},"end":{"line":168,"column":30}},"77":{"start":{"line":170,"column":21},"end":{"line":170,"column":61}},"78":{"start":{"line":171,"column":4},"end":{"line":171,"column":48}},"79":{"start":{"line":172,"column":4},"end":{"line":172,"column":48}},"80":{"start":{"line":173,"column":4},"end":{"line":173,"column":27}},"81":{"start":{"line":174,"column":4},"end":{"line":174,"column":69}},"82":{"start":{"line":175,"column":4},"end":{"line":175,"column":40}},"83":{"start":{"line":177,"column":27},"end":{"line":177,"column":68}},"84":{"start":{"line":178,"column":4},"end":{"line":178,"column":75}},"85":{"start":{"line":179,"column":4},"end":{"line":179,"column":81}},"86":{"start":{"line":180,"column":4},"end":{"line":180,"column":52}},"87":{"start":{"line":181,"column":4},"end":{"line":181,"column":123}},"88":{"start":{"line":181,"column":101},"end":{"line":181,"column":121}},"89":{"start":{"line":185,"column":71},"end":{"line":185,"column":81}},"90":{"start":{"line":186,"column":21},"end":{"line":186,"column":78}},"91":{"start":{"line":187,"column":4},"end":{"line":189,"column":5}},"92":{"start":{"line":188,"column":6},"end":{"line":188,"column":41}},"93":{"start":{"line":190,"column":4},"end":{"line":190,"column":43}},"94":{"start":{"line":194,"column":19},"end":{"line":194,"column":26}},"95":{"start":{"line":195,"column":17},"end":{"line":195,"column":25}},"96":{"start":{"line":196,"column":18},"end":{"line":196,"column":58}},"97":{"start":{"line":197,"column":15},"end":{"line":197,"column":17}},"98":{"start":{"line":198,"column":4},"end":{"line":225,"column":5}},"99":{"start":{"line":198,"column":17},"end":{"line":198,"column":18}},"100":{"start":{"line":199,"column":21},"end":{"line":199,"column":30}},"101":{"start":{"line":200,"column":21},"end":{"line":200,"column":28}},"102":{"start":{"line":201,"column":18},"end":{"line":201,"column":32}},"103":{"start":{"line":202,"column":16},"end":{"line":202,"column":28}},"104":{"start":{"line":203,"column":21},"end":{"line":203,"column":22}},"105":{"start":{"line":204,"column":18},"end":{"line":204,"column":20}},"106":{"start":{"line":205,"column":6},"end":{"line":223,"column":7}},"107":{"start":{"line":205,"column":19},"end":{"line":205,"column":20}},"108":{"start":{"line":206,"column":18},"end":{"line":206,"column":20}},"109":{"start":{"line":207,"column":8},"end":{"line":222,"column":9}},"110":{"start":{"line":208,"column":10},"end":{"line":208,"column":29}},"111":{"start":{"line":209,"column":10},"end":{"line":209,"column":25}},"112":{"start":{"line":210,"column":10},"end":{"line":210,"column":18}},"113":{"start":{"line":211,"column":10},"end":{"line":211,"column":26}},"114":{"start":{"line":212,"column":15},"end":{"line":222,"column":9}},"115":{"start":{"line":213,"column":10},"end":{"line":213,"column":30}},"116":{"start":{"line":214,"column":10},"end":{"line":214,"column":57}},"117":{"start":{"line":215,"column":10},"end":{"line":215,"column":21}},"118":{"start":{"line":216,"column":10},"end":{"line":216,"column":21}},"119":{"start":{"line":217,"column":10},"end":{"line":217,"column":26}},"120":{"start":{"line":218,"column":15},"end":{"line":222,"column":9}},"121":{"start":{"line":219,"column":10},"end":{"line":219,"column":29}},"122":{"start":{"line":220,"column":10},"end":{"line":220,"column":25}},"123":{"start":{"line":221,"column":10},"end":{"line":221,"column":26}},"124":{"start":{"line":224,"column":6},"end":{"line":224,"column":23}},"125":{"start":{"line":226,"column":4},"end":{"line":226,"column":35}},"126":{"start":{"line":230,"column":40},"end":{"line":230,"column":50}},"127":{"start":{"line":231,"column":21},"end":{"line":231,"column":54}},"128":{"start":{"line":232,"column":19},"end":{"line":232,"column":26}},"129":{"start":{"line":233,"column":17},"end":{"line":233,"column":25}},"130":{"start":{"line":234,"column":18},"end":{"line":234,"column":58}},"131":{"start":{"line":235,"column":15},"end":{"line":235,"column":17}},"132":{"start":{"line":236,"column":4},"end":{"line":273,"column":5}},"133":{"start":{"line":236,"column":17},"end":{"line":236,"column":18}},"134":{"start":{"line":237,"column":21},"end":{"line":237,"column":30}},"135":{"start":{"line":238,"column":21},"end":{"line":238,"column":28}},"136":{"start":{"line":239,"column":18},"end":{"line":239,"column":32}},"137":{"start":{"line":240,"column":16},"end":{"line":240,"column":28}},"138":{"start":{"line":241,"column":21},"end":{"line":241,"column":22}},"139":{"start":{"line":242,"column":18},"end":{"line":242,"column":20}},"140":{"start":{"line":243,"column":6},"end":{"line":271,"column":7}},"141":{"start":{"line":243,"column":19},"end":{"line":243,"column":20}},"142":{"start":{"line":244,"column":18},"end":{"line":244,"column":20}},"143":{"start":{"line":245,"column":8},"end":{"line":270,"column":9}},"144":{"start":{"line":246,"column":10},"end":{"line":246,"column":29}},"145":{"start":{"line":247,"column":10},"end":{"line":247,"column":25}},"146":{"start":{"line":248,"column":10},"end":{"line":248,"column":18}},"147":{"start":{"line":249,"column":10},"end":{"line":249,"column":26}},"148":{"start":{"line":250,"column":15},"end":{"line":270,"column":9}},"149":{"start":{"line":251,"column":23},"end":{"line":251,"column":57}},"150":{"start":{"line":252,"column":25},"end":{"line":252,"column":85}},"151":{"start":{"line":252,"column":49},"end":{"line":252,"column":84}},"152":{"start":{"line":253,"column":10},"end":{"line":265,"column":11}},"153":{"start":{"line":254,"column":12},"end":{"line":254,"column":30}},"154":{"start":{"line":255,"column":12},"end":{"line":255,"column":31}},"155":{"start":{"line":256,"column":12},"end":{"line":256,"column":23}},"156":{"start":{"line":257,"column":12},"end":{"line":257,"column":22}},"157":{"start":{"line":258,"column":12},"end":{"line":258,"column":28}},"158":{"start":{"line":260,"column":12},"end":{"line":260,"column":32}},"159":{"start":{"line":261,"column":12},"end":{"line":261,"column":59}},"160":{"start":{"line":262,"column":12},"end":{"line":262,"column":23}},"161":{"start":{"line":263,"column":12},"end":{"line":263,"column":23}},"162":{"start":{"line":264,"column":12},"end":{"line":264,"column":28}},"163":{"start":{"line":266,"column":15},"end":{"line":270,"column":9}},"164":{"start":{"line":267,"column":10},"end":{"line":267,"column":29}},"165":{"start":{"line":268,"column":10},"end":{"line":268,"column":25}},"166":{"start":{"line":269,"column":10},"end":{"line":269,"column":26}},"167":{"start":{"line":272,"column":6},"end":{"line":272,"column":23}},"168":{"start":{"line":274,"column":4},"end":{"line":274,"column":35}},"169":{"start":{"line":275,"column":4},"end":{"line":275,"column":144}},"170":{"start":{"line":275,"column":125},"end":{"line":275,"column":142}},"171":{"start":{"line":279,"column":40},"end":{"line":279,"column":50}},"172":{"start":{"line":280,"column":21},"end":{"line":280,"column":54}},"173":{"start":{"line":281,"column":19},"end":{"line":281,"column":26}},"174":{"start":{"line":282,"column":17},"end":{"line":282,"column":25}},"175":{"start":{"line":283,"column":18},"end":{"line":283,"column":58}},"176":{"start":{"line":284,"column":15},"end":{"line":284,"column":17}},"177":{"start":{"line":285,"column":4},"end":{"line":336,"column":5}},"178":{"start":{"line":285,"column":17},"end":{"line":285,"column":18}},"179":{"start":{"line":286,"column":21},"end":{"line":286,"column":30}},"180":{"start":{"line":287,"column":21},"end":{"line":287,"column":28}},"181":{"start":{"line":288,"column":18},"end":{"line":288,"column":32}},"182":{"start":{"line":289,"column":16},"end":{"line":289,"column":28}},"183":{"start":{"line":290,"column":21},"end":{"line":290,"column":22}},"184":{"start":{"line":291,"column":18},"end":{"line":291,"column":20}},"185":{"start":{"line":292,"column":6},"end":{"line":334,"column":7}},"186":{"start":{"line":292,"column":19},"end":{"line":292,"column":20}},"187":{"start":{"line":293,"column":18},"end":{"line":293,"column":20}},"188":{"start":{"line":294,"column":8},"end":{"line":333,"column":9}},"189":{"start":{"line":295,"column":10},"end":{"line":295,"column":29}},"190":{"start":{"line":296,"column":10},"end":{"line":296,"column":25}},"191":{"start":{"line":297,"column":10},"end":{"line":297,"column":18}},"192":{"start":{"line":298,"column":10},"end":{"line":298,"column":26}},"193":{"start":{"line":299,"column":15},"end":{"line":333,"column":9}},"194":{"start":{"line":300,"column":23},"end":{"line":300,"column":57}},"195":{"start":{"line":301,"column":25},"end":{"line":301,"column":85}},"196":{"start":{"line":301,"column":49},"end":{"line":301,"column":84}},"197":{"start":{"line":302,"column":10},"end":{"line":328,"column":11}},"198":{"start":{"line":303,"column":12},"end":{"line":321,"column":13}},"199":{"start":{"line":304,"column":14},"end":{"line":304,"column":36}},"200":{"start":{"line":305,"column":14},"end":{"line":305,"column":33}},"201":{"start":{"line":306,"column":14},"end":{"line":306,"column":25}},"202":{"start":{"line":307,"column":14},"end":{"line":307,"column":25}},"203":{"start":{"line":308,"column":14},"end":{"line":308,"column":30}},"204":{"start":{"line":309,"column":19},"end":{"line":321,"column":13}},"205":{"start":{"line":310,"column":14},"end":{"line":310,"column":36}},"206":{"start":{"line":311,"column":14},"end":{"line":311,"column":33}},"207":{"start":{"line":312,"column":14},"end":{"line":312,"column":25}},"208":{"start":{"line":313,"column":14},"end":{"line":313,"column":25}},"209":{"start":{"line":314,"column":14},"end":{"line":314,"column":30}},"210":{"start":{"line":316,"column":14},"end":{"line":316,"column":33}},"211":{"start":{"line":317,"column":12},"end":{"line":317,"column":31}},"212":{"start":{"line":318,"column":12},"end":{"line":318,"column":23}},"213":{"start":{"line":319,"column":12},"end":{"line":319,"column":22}},"214":{"start":{"line":320,"column":12},"end":{"line":320,"column":28}},"215":{"start":{"line":323,"column":12},"end":{"line":323,"column":32}},"216":{"start":{"line":324,"column":12},"end":{"line":324,"column":59}},"217":{"start":{"line":325,"column":12},"end":{"line":325,"column":23}},"218":{"start":{"line":326,"column":12},"end":{"line":326,"column":23}},"219":{"start":{"line":327,"column":12},"end":{"line":327,"column":28}},"220":{"start":{"line":329,"column":15},"end":{"line":333,"column":9}},"221":{"start":{"line":330,"column":10},"end":{"line":330,"column":29}},"222":{"start":{"line":331,"column":10},"end":{"line":331,"column":25}},"223":{"start":{"line":332,"column":10},"end":{"line":332,"column":26}},"224":{"start":{"line":335,"column":6},"end":{"line":335,"column":23}},"225":{"start":{"line":337,"column":4},"end":{"line":337,"column":35}},"226":{"start":{"line":341,"column":18},"end":{"line":341,"column":20}},"227":{"start":{"line":342,"column":4},"end":{"line":349,"column":5}},"228":{"start":{"line":342,"column":17},"end":{"line":342,"column":18}},"229":{"start":{"line":343,"column":17},"end":{"line":343,"column":28}},"230":{"start":{"line":344,"column":18},"end":{"line":344,"column":20}},"231":{"start":{"line":345,"column":6},"end":{"line":347,"column":7}},"232":{"start":{"line":345,"column":19},"end":{"line":345,"column":20}},"233":{"start":{"line":346,"column":8},"end":{"line":346,"column":39}},"234":{"start":{"line":348,"column":6},"end":{"line":348,"column":26}},"235":{"start":{"line":350,"column":4},"end":{"line":350,"column":41}},"236":{"start":{"line":354,"column":4},"end":{"line":354,"column":23}},"237":{"start":{"line":355,"column":16},"end":{"line":355,"column":30}},"238":{"start":{"line":356,"column":15},"end":{"line":358,"column":20}},"239":{"start":{"line":359,"column":4},"end":{"line":359,"column":35}},"240":{"start":{"line":363,"column":4},"end":{"line":363,"column":23}},"241":{"start":{"line":364,"column":16},"end":{"line":364,"column":30}},"242":{"start":{"line":365,"column":15},"end":{"line":367,"column":20}},"243":{"start":{"line":368,"column":4},"end":{"line":368,"column":36}},"244":{"start":{"line":372,"column":42},"end":{"line":372,"column":52}},"245":{"start":{"line":373,"column":18},"end":{"line":373,"column":44}},"246":{"start":{"line":374,"column":4},"end":{"line":374,"column":41}},"247":{"start":{"line":378,"column":27},"end":{"line":378,"column":37}},"248":{"start":{"line":380,"column":20},"end":{"line":380,"column":55}},"249":{"start":{"line":381,"column":19},"end":{"line":381,"column":69}},"250":{"start":{"line":382,"column":4},"end":{"line":382,"column":37}},"251":{"start":{"line":386,"column":28},"end":{"line":386,"column":38}},"252":{"start":{"line":388,"column":20},"end":{"line":388,"column":56}},"253":{"start":{"line":389,"column":19},"end":{"line":389,"column":69}},"254":{"start":{"line":390,"column":4},"end":{"line":390,"column":38}},"255":{"start":{"line":394,"column":17},"end":{"line":394,"column":21}},"256":{"start":{"line":395,"column":49},"end":{"line":395,"column":59}},"257":{"start":{"line":396,"column":17},"end":{"line":396,"column":28}},"258":{"start":{"line":397,"column":27},"end":{"line":397,"column":31}},"259":{"start":{"line":398,"column":16},"end":{"line":398,"column":36}},"260":{"start":{"line":399,"column":16},"end":{"line":399,"column":30}},"261":{"start":{"line":400,"column":4},"end":{"line":402,"column":5}},"262":{"start":{"line":401,"column":6},"end":{"line":401,"column":104}},"263":{"start":{"line":401,"column":49},"end":{"line":401,"column":73}},"264":{"start":{"line":401,"column":74},"end":{"line":401,"column":100}},"265":{"start":{"line":406,"column":17},"end":{"line":406,"column":21}},"266":{"start":{"line":407,"column":49},"end":{"line":407,"column":59}},"267":{"start":{"line":408,"column":17},"end":{"line":408,"column":28}},"268":{"start":{"line":409,"column":27},"end":{"line":409,"column":31}},"269":{"start":{"line":410,"column":16},"end":{"line":410,"column":36}},"270":{"start":{"line":411,"column":18},"end":{"line":411,"column":32}},"271":{"start":{"line":412,"column":4},"end":{"line":414,"column":5}},"272":{"start":{"line":413,"column":6},"end":{"line":413,"column":104}},"273":{"start":{"line":413,"column":49},"end":{"line":413,"column":73}},"274":{"start":{"line":413,"column":74},"end":{"line":413,"column":100}},"275":{"start":{"line":418,"column":17},"end":{"line":418,"column":21}},"276":{"start":{"line":419,"column":52},"end":{"line":419,"column":62}},"277":{"start":{"line":420,"column":17},"end":{"line":420,"column":28}},"278":{"start":{"line":421,"column":27},"end":{"line":421,"column":31}},"279":{"start":{"line":422,"column":16},"end":{"line":422,"column":36}},"280":{"start":{"line":423,"column":16},"end":{"line":423,"column":33}},"281":{"start":{"line":424,"column":4},"end":{"line":426,"column":5}},"282":{"start":{"line":425,"column":6},"end":{"line":425,"column":107}},"283":{"start":{"line":425,"column":52},"end":{"line":425,"column":76}},"284":{"start":{"line":425,"column":77},"end":{"line":425,"column":103}},"285":{"start":{"line":430,"column":17},"end":{"line":430,"column":21}},"286":{"start":{"line":431,"column":52},"end":{"line":431,"column":62}},"287":{"start":{"line":432,"column":17},"end":{"line":432,"column":28}},"288":{"start":{"line":433,"column":27},"end":{"line":433,"column":31}},"289":{"start":{"line":434,"column":16},"end":{"line":434,"column":36}},"290":{"start":{"line":435,"column":18},"end":{"line":435,"column":35}},"291":{"start":{"line":436,"column":4},"end":{"line":438,"column":5}},"292":{"start":{"line":437,"column":6},"end":{"line":437,"column":107}},"293":{"start":{"line":437,"column":52},"end":{"line":437,"column":76}},"294":{"start":{"line":437,"column":77},"end":{"line":437,"column":103}},"295":{"start":{"line":442,"column":17},"end":{"line":442,"column":21}},"296":{"start":{"line":443,"column":50},"end":{"line":443,"column":60}},"297":{"start":{"line":444,"column":17},"end":{"line":444,"column":28}},"298":{"start":{"line":445,"column":27},"end":{"line":445,"column":31}},"299":{"start":{"line":446,"column":16},"end":{"line":446,"column":36}},"300":{"start":{"line":447,"column":16},"end":{"line":447,"column":31}},"301":{"start":{"line":448,"column":4},"end":{"line":450,"column":5}},"302":{"start":{"line":449,"column":6},"end":{"line":449,"column":105}},"303":{"start":{"line":449,"column":50},"end":{"line":449,"column":74}},"304":{"start":{"line":449,"column":75},"end":{"line":449,"column":101}},"305":{"start":{"line":454,"column":17},"end":{"line":454,"column":21}},"306":{"start":{"line":455,"column":50},"end":{"line":455,"column":60}},"307":{"start":{"line":456,"column":17},"end":{"line":456,"column":28}},"308":{"start":{"line":457,"column":27},"end":{"line":457,"column":31}},"309":{"start":{"line":458,"column":16},"end":{"line":458,"column":36}},"310":{"start":{"line":459,"column":18},"end":{"line":459,"column":33}},"311":{"start":{"line":460,"column":4},"end":{"line":462,"column":5}},"312":{"start":{"line":461,"column":6},"end":{"line":461,"column":105}},"313":{"start":{"line":461,"column":50},"end":{"line":461,"column":74}},"314":{"start":{"line":461,"column":75},"end":{"line":461,"column":101}},"315":{"start":{"line":466,"column":33},"end":{"line":466,"column":43}},"316":{"start":{"line":467,"column":4},"end":{"line":471,"column":5}},"317":{"start":{"line":468,"column":6},"end":{"line":468,"column":47}},"318":{"start":{"line":470,"column":6},"end":{"line":470,"column":46}},"319":{"start":{"line":475,"column":17},"end":{"line":475,"column":21}},"320":{"start":{"line":476,"column":40},"end":{"line":476,"column":50}},"321":{"start":{"line":477,"column":17},"end":{"line":477,"column":237}},"322":{"start":{"line":478,"column":4},"end":{"line":478,"column":77}},"323":{"start":{"line":478,"column":48},"end":{"line":478,"column":75}},"324":{"start":{"line":482,"column":17},"end":{"line":482,"column":21}},"325":{"start":{"line":483,"column":40},"end":{"line":483,"column":50}},"326":{"start":{"line":484,"column":4},"end":{"line":490,"column":5}},"327":{"start":{"line":485,"column":6},"end":{"line":485,"column":86}},"328":{"start":{"line":485,"column":64},"end":{"line":485,"column":84}},"329":{"start":{"line":486,"column":11},"end":{"line":490,"column":5}},"330":{"start":{"line":487,"column":6},"end":{"line":487,"column":164}},"331":{"start":{"line":487,"column":65},"end":{"line":487,"column":85}},"332":{"start":{"line":487,"column":86},"end":{"line":487,"column":112}},"333":{"start":{"line":487,"column":113},"end":{"line":487,"column":139}},"334":{"start":{"line":487,"column":140},"end":{"line":487,"column":161}},"335":{"start":{"line":488,"column":11},"end":{"line":490,"column":5}},"336":{"start":{"line":489,"column":6},"end":{"line":489,"column":103}},"337":{"start":{"line":489,"column":81},"end":{"line":489,"column":101}},"338":{"start":{"line":494,"column":40},"end":{"line":494,"column":50}},"339":{"start":{"line":495,"column":21},"end":{"line":495,"column":56}},"340":{"start":{"line":496,"column":22},"end":{"line":496,"column":58}},"341":{"start":{"line":497,"column":17},"end":{"line":497,"column":127}},"342":{"start":{"line":498,"column":4},"end":{"line":498,"column":46}},"343":{"start":{"line":502,"column":17},"end":{"line":502,"column":21}},"344":{"start":{"line":503,"column":26},"end":{"line":503,"column":36}},"345":{"start":{"line":504,"column":4},"end":{"line":508,"column":7}},"346":{"start":{"line":505,"column":6},"end":{"line":507,"column":7}},"347":{"start":{"line":506,"column":8},"end":{"line":506,"column":27}},"348":{"start":{"line":512,"column":4},"end":{"line":512,"column":19}},"349":{"start":{"line":513,"column":4},"end":{"line":513,"column":24}},"350":{"start":{"line":517,"column":31},"end":{"line":517,"column":221}},"351":{"start":{"line":518,"column":310},"end":{"line":518,"column":320}},"352":{"start":{"line":519,"column":34},"end":{"line":519,"column":108}},"353":{"start":{"line":520,"column":19},"end":{"line":520,"column":139}},"354":{"start":{"line":521,"column":24},"end":{"line":521,"column":112}},"355":{"start":{"line":522,"column":16},"end":{"line":522,"column":60}},"356":{"start":{"line":525,"column":4},"end":{"line":529,"column":5}},"357":{"start":{"line":526,"column":6},"end":{"line":526,"column":25}},"358":{"start":{"line":527,"column":29},"end":{"line":527,"column":33}},"359":{"start":{"line":528,"column":6},"end":{"line":528,"column":29}},"360":{"start":{"line":530,"column":17},"end":{"line":532,"column":27}},"361":{"start":{"line":533,"column":27},"end":{"line":535,"column":13}},"362":{"start":{"line":536,"column":31},"end":{"line":538,"column":19}},"363":{"start":{"line":539,"column":4},"end":{"line":545,"column":6}}},"fnMap":{"0":{"name":"(anonymous_0)","decl":{"start":{"line":18,"column":25},"end":{"line":18,"column":26}},"loc":{"start":{"line":18,"column":40},"end":{"line":22,"column":1}},"line":18},"1":{"name":"getDates","decl":{"start":{"line":24,"column":9},"end":{"line":24,"column":17}},"loc":{"start":{"line":24,"column":39},"end":{"line":32,"column":1}},"line":24},"2":{"name":"(anonymous_2)","decl":{"start":{"line":35,"column":2},"end":{"line":35,"column":3}},"loc":{"start":{"line":35,"column":21},"end":{"line":86,"column":3}},"line":35},"3":{"name":"(anonymous_3)","decl":{"start":{"line":88,"column":2},"end":{"line":88,"column":3}},"loc":{"start":{"line":88,"column":12},"end":{"line":97,"column":3}},"line":88},"4":{"name":"(anonymous_4)","decl":{"start":{"line":91,"column":12},"end":{"line":91,"column":13}},"loc":{"start":{"line":91,"column":21},"end":{"line":93,"column":7}},"line":91},"5":{"name":"(anonymous_5)","decl":{"start":{"line":92,"column":46},"end":{"line":92,"column":47}},"loc":{"start":{"line":92,"column":52},"end":{"line":92,"column":81}},"line":92},"6":{"name":"(anonymous_6)","decl":{"start":{"line":94,"column":13},"end":{"line":94,"column":14}},"loc":{"start":{"line":94,"column":22},"end":{"line":96,"column":7}},"line":94},"7":{"name":"(anonymous_7)","decl":{"start":{"line":99,"column":2},"end":{"line":99,"column":3}},"loc":{"start":{"line":99,"column":19},"end":{"line":106,"column":3}},"line":99},"8":{"name":"(anonymous_8)","decl":{"start":{"line":108,"column":2},"end":{"line":108,"column":3}},"loc":{"start":{"line":108,"column":27},"end":{"line":149,"column":3}},"line":108},"9":{"name":"(anonymous_9)","decl":{"start":{"line":126,"column":71},"end":{"line":126,"column":72}},"loc":{"start":{"line":126,"column":77},"end":{"line":126,"column":100}},"line":126},"10":{"name":"(anonymous_10)","decl":{"start":{"line":147,"column":71},"end":{"line":147,"column":72}},"loc":{"start":{"line":147,"column":77},"end":{"line":147,"column":100}},"line":147},"11":{"name":"(anonymous_11)","decl":{"start":{"line":151,"column":2},"end":{"line":151,"column":3}},"loc":{"start":{"line":151,"column":25},"end":{"line":157,"column":3}},"line":151},"12":{"name":"(anonymous_12)","decl":{"start":{"line":156,"column":47},"end":{"line":156,"column":48}},"loc":{"start":{"line":156,"column":53},"end":{"line":156,"column":79}},"line":156},"13":{"name":"(anonymous_13)","decl":{"start":{"line":159,"column":2},"end":{"line":159,"column":3}},"loc":{"start":{"line":159,"column":24},"end":{"line":182,"column":3}},"line":159},"14":{"name":"(anonymous_14)","decl":{"start":{"line":181,"column":95},"end":{"line":181,"column":96}},"loc":{"start":{"line":181,"column":101},"end":{"line":181,"column":121}},"line":181},"15":{"name":"(anonymous_15)","decl":{"start":{"line":184,"column":2},"end":{"line":184,"column":3}},"loc":{"start":{"line":184,"column":18},"end":{"line":191,"column":3}},"line":184},"16":{"name":"(anonymous_16)","decl":{"start":{"line":193,"column":2},"end":{"line":193,"column":3}},"loc":{"start":{"line":193,"column":17},"end":{"line":227,"column":3}},"line":193},"17":{"name":"(anonymous_17)","decl":{"start":{"line":229,"column":2},"end":{"line":229,"column":3}},"loc":{"start":{"line":229,"column":20},"end":{"line":276,"column":3}},"line":229},"18":{"name":"(anonymous_18)","decl":{"start":{"line":252,"column":41},"end":{"line":252,"column":42}},"loc":{"start":{"line":252,"column":49},"end":{"line":252,"column":84}},"line":252},"19":{"name":"(anonymous_19)","decl":{"start":{"line":275,"column":119},"end":{"line":275,"column":120}},"loc":{"start":{"line":275,"column":125},"end":{"line":275,"column":142}},"line":275},"20":{"name":"(anonymous_20)","decl":{"start":{"line":278,"column":2},"end":{"line":278,"column":3}},"loc":{"start":{"line":278,"column":23},"end":{"line":338,"column":3}},"line":278},"21":{"name":"(anonymous_21)","decl":{"start":{"line":301,"column":41},"end":{"line":301,"column":42}},"loc":{"start":{"line":301,"column":49},"end":{"line":301,"column":84}},"line":301},"22":{"name":"(anonymous_22)","decl":{"start":{"line":340,"column":2},"end":{"line":340,"column":3}},"loc":{"start":{"line":340,"column":32},"end":{"line":351,"column":3}},"line":340},"23":{"name":"(anonymous_23)","decl":{"start":{"line":353,"column":2},"end":{"line":353,"column":3}},"loc":{"start":{"line":353,"column":19},"end":{"line":360,"column":3}},"line":353},"24":{"name":"(anonymous_24)","decl":{"start":{"line":362,"column":2},"end":{"line":362,"column":3}},"loc":{"start":{"line":362,"column":20},"end":{"line":369,"column":3}},"line":362},"25":{"name":"(anonymous_25)","decl":{"start":{"line":371,"column":2},"end":{"line":371,"column":3}},"loc":{"start":{"line":371,"column":21},"end":{"line":375,"column":3}},"line":371},"26":{"name":"(anonymous_26)","decl":{"start":{"line":377,"column":2},"end":{"line":377,"column":3}},"loc":{"start":{"line":377,"column":18},"end":{"line":383,"column":3}},"line":377},"27":{"name":"(anonymous_27)","decl":{"start":{"line":385,"column":2},"end":{"line":385,"column":3}},"loc":{"start":{"line":385,"column":19},"end":{"line":391,"column":3}},"line":385},"28":{"name":"(anonymous_28)","decl":{"start":{"line":393,"column":2},"end":{"line":393,"column":3}},"loc":{"start":{"line":393,"column":13},"end":{"line":403,"column":3}},"line":393},"29":{"name":"(anonymous_29)","decl":{"start":{"line":401,"column":41},"end":{"line":401,"column":42}},"loc":{"start":{"line":401,"column":47},"end":{"line":401,"column":102}},"line":401},"30":{"name":"(anonymous_30)","decl":{"start":{"line":405,"column":2},"end":{"line":405,"column":3}},"loc":{"start":{"line":405,"column":16},"end":{"line":415,"column":3}},"line":405},"31":{"name":"(anonymous_31)","decl":{"start":{"line":413,"column":41},"end":{"line":413,"column":42}},"loc":{"start":{"line":413,"column":47},"end":{"line":413,"column":102}},"line":413},"32":{"name":"(anonymous_32)","decl":{"start":{"line":417,"column":2},"end":{"line":417,"column":3}},"loc":{"start":{"line":417,"column":16},"end":{"line":427,"column":3}},"line":417},"33":{"name":"(anonymous_33)","decl":{"start":{"line":425,"column":44},"end":{"line":425,"column":45}},"loc":{"start":{"line":425,"column":50},"end":{"line":425,"column":105}},"line":425},"34":{"name":"(anonymous_34)","decl":{"start":{"line":429,"column":2},"end":{"line":429,"column":3}},"loc":{"start":{"line":429,"column":19},"end":{"line":439,"column":3}},"line":429},"35":{"name":"(anonymous_35)","decl":{"start":{"line":437,"column":44},"end":{"line":437,"column":45}},"loc":{"start":{"line":437,"column":50},"end":{"line":437,"column":105}},"line":437},"36":{"name":"(anonymous_36)","decl":{"start":{"line":441,"column":2},"end":{"line":441,"column":3}},"loc":{"start":{"line":441,"column":15},"end":{"line":451,"column":3}},"line":441},"37":{"name":"(anonymous_37)","decl":{"start":{"line":449,"column":42},"end":{"line":449,"column":43}},"loc":{"start":{"line":449,"column":48},"end":{"line":449,"column":103}},"line":449},"38":{"name":"(anonymous_38)","decl":{"start":{"line":453,"column":2},"end":{"line":453,"column":3}},"loc":{"start":{"line":453,"column":18},"end":{"line":463,"column":3}},"line":453},"39":{"name":"(anonymous_39)","decl":{"start":{"line":461,"column":42},"end":{"line":461,"column":43}},"loc":{"start":{"line":461,"column":48},"end":{"line":461,"column":103}},"line":461},"40":{"name":"(anonymous_40)","decl":{"start":{"line":465,"column":2},"end":{"line":465,"column":3}},"loc":{"start":{"line":465,"column":21},"end":{"line":472,"column":3}},"line":465},"41":{"name":"(anonymous_41)","decl":{"start":{"line":474,"column":2},"end":{"line":474,"column":3}},"loc":{"start":{"line":474,"column":17},"end":{"line":479,"column":3}},"line":474},"42":{"name":"(anonymous_42)","decl":{"start":{"line":478,"column":42},"end":{"line":478,"column":43}},"loc":{"start":{"line":478,"column":48},"end":{"line":478,"column":75}},"line":478},"43":{"name":"(anonymous_43)","decl":{"start":{"line":481,"column":2},"end":{"line":481,"column":3}},"loc":{"start":{"line":481,"column":23},"end":{"line":491,"column":3}},"line":481},"44":{"name":"(anonymous_44)","decl":{"start":{"line":485,"column":58},"end":{"line":485,"column":59}},"loc":{"start":{"line":485,"column":64},"end":{"line":485,"column":84}},"line":485},"45":{"name":"(anonymous_45)","decl":{"start":{"line":487,"column":58},"end":{"line":487,"column":59}},"loc":{"start":{"line":487,"column":64},"end":{"line":487,"column":162}},"line":487},"46":{"name":"(anonymous_46)","decl":{"start":{"line":489,"column":75},"end":{"line":489,"column":76}},"loc":{"start":{"line":489,"column":81},"end":{"line":489,"column":101}},"line":489},"47":{"name":"(anonymous_47)","decl":{"start":{"line":493,"column":2},"end":{"line":493,"column":3}},"loc":{"start":{"line":493,"column":23},"end":{"line":499,"column":3}},"line":493},"48":{"name":"(anonymous_48)","decl":{"start":{"line":501,"column":2},"end":{"line":501,"column":3}},"loc":{"start":{"line":501,"column":15},"end":{"line":509,"column":3}},"line":501},"49":{"name":"(anonymous_49)","decl":{"start":{"line":504,"column":114},"end":{"line":504,"column":115}},"loc":{"start":{"line":504,"column":120},"end":{"line":508,"column":5}},"line":504},"50":{"name":"(anonymous_50)","decl":{"start":{"line":511,"column":2},"end":{"line":511,"column":3}},"loc":{"start":{"line":511,"column":22},"end":{"line":514,"column":3}},"line":511},"51":{"name":"(anonymous_51)","decl":{"start":{"line":516,"column":2},"end":{"line":516,"column":3}},"loc":{"start":{"line":516,"column":11},"end":{"line":546,"column":3}},"line":516}},"branchMap":{"0":{"loc":{"start":{"line":101,"column":4},"end":{"line":105,"column":5}},"type":"if","locations":[{"start":{"line":101,"column":4},"end":{"line":105,"column":5}},{"start":{"line":101,"column":4},"end":{"line":105,"column":5}}],"line":101},"1":{"loc":{"start":{"line":114,"column":4},"end":{"line":148,"column":5}},"type":"if","locations":[{"start":{"line":114,"column":4},"end":{"line":148,"column":5}},{"start":{"line":114,"column":4},"end":{"line":148,"column":5}}],"line":114},"2":{"loc":{"start":{"line":116,"column":16},"end":{"line":118,"column":11}},"type":"cond-expr","locations":[{"start":{"line":117,"column":10},"end":{"line":117,"column":17}},{"start":{"line":118,"column":10},"end":{"line":118,"column":11}}],"line":116},"3":{"loc":{"start":{"line":119,"column":18},"end":{"line":125,"column":14}},"type":"cond-expr","locations":[{"start":{"line":120,"column":10},"end":{"line":120,"column":17}},{"start":{"line":121,"column":10},"end":{"line":125,"column":14}}],"line":119},"4":{"loc":{"start":{"line":121,"column":10},"end":{"line":125,"column":14}},"type":"cond-expr","locations":[{"start":{"line":122,"column":11},"end":{"line":122,"column":12}},{"start":{"line":123,"column":10},"end":{"line":125,"column":14}}],"line":121},"5":{"loc":{"start":{"line":123,"column":10},"end":{"line":125,"column":14}},"type":"cond-expr","locations":[{"start":{"line":124,"column":10},"end":{"line":124,"column":11}},{"start":{"line":125,"column":10},"end":{"line":125,"column":14}}],"line":123},"6":{"loc":{"start":{"line":128,"column":16},"end":{"line":130,"column":11}},"type":"cond-expr","locations":[{"start":{"line":129,"column":10},"end":{"line":129,"column":22}},{"start":{"line":130,"column":10},"end":{"line":130,"column":11}}],"line":128},"7":{"loc":{"start":{"line":131,"column":16},"end":{"line":137,"column":14}},"type":"cond-expr","locations":[{"start":{"line":132,"column":10},"end":{"line":132,"column":22}},{"start":{"line":133,"column":10},"end":{"line":137,"column":14}}],"line":131},"8":{"loc":{"start":{"line":133,"column":10},"end":{"line":137,"column":14}},"type":"cond-expr","locations":[{"start":{"line":134,"column":10},"end":{"line":134,"column":11}},{"start":{"line":135,"column":10},"end":{"line":137,"column":14}}],"line":133},"9":{"loc":{"start":{"line":135,"column":10},"end":{"line":137,"column":14}},"type":"cond-expr","locations":[{"start":{"line":136,"column":10},"end":{"line":136,"column":11}},{"start":{"line":137,"column":10},"end":{"line":137,"column":14}}],"line":135},"10":{"loc":{"start":{"line":138,"column":18},"end":{"line":146,"column":14}},"type":"cond-expr","locations":[{"start":{"line":139,"column":10},"end":{"line":139,"column":24}},{"start":{"line":140,"column":10},"end":{"line":146,"column":14}}],"line":138},"11":{"loc":{"start":{"line":140,"column":10},"end":{"line":146,"column":14}},"type":"cond-expr","locations":[{"start":{"line":141,"column":10},"end":{"line":141,"column":11}},{"start":{"line":142,"column":10},"end":{"line":146,"column":14}}],"line":140},"12":{"loc":{"start":{"line":142,"column":10},"end":{"line":146,"column":14}},"type":"cond-expr","locations":[{"start":{"line":143,"column":10},"end":{"line":143,"column":11}},{"start":{"line":144,"column":10},"end":{"line":146,"column":14}}],"line":142},"13":{"loc":{"start":{"line":144,"column":10},"end":{"line":146,"column":14}},"type":"cond-expr","locations":[{"start":{"line":145,"column":10},"end":{"line":145,"column":11}},{"start":{"line":146,"column":10},"end":{"line":146,"column":14}}],"line":144},"14":{"loc":{"start":{"line":187,"column":4},"end":{"line":189,"column":5}},"type":"if","locations":[{"start":{"line":187,"column":4},"end":{"line":189,"column":5}},{"start":{"line":187,"column":4},"end":{"line":189,"column":5}}],"line":187},"15":{"loc":{"start":{"line":207,"column":8},"end":{"line":222,"column":9}},"type":"if","locations":[{"start":{"line":207,"column":8},"end":{"line":222,"column":9}},{"start":{"line":207,"column":8},"end":{"line":222,"column":9}}],"line":207},"16":{"loc":{"start":{"line":212,"column":15},"end":{"line":222,"column":9}},"type":"if","locations":[{"start":{"line":212,"column":15},"end":{"line":222,"column":9}},{"start":{"line":212,"column":15},"end":{"line":222,"column":9}}],"line":212},"17":{"loc":{"start":{"line":218,"column":15},"end":{"line":222,"column":9}},"type":"if","locations":[{"start":{"line":218,"column":15},"end":{"line":222,"column":9}},{"start":{"line":218,"column":15},"end":{"line":222,"column":9}}],"line":218},"18":{"loc":{"start":{"line":245,"column":8},"end":{"line":270,"column":9}},"type":"if","locations":[{"start":{"line":245,"column":8},"end":{"line":270,"column":9}},{"start":{"line":245,"column":8},"end":{"line":270,"column":9}}],"line":245},"19":{"loc":{"start":{"line":250,"column":15},"end":{"line":270,"column":9}},"type":"if","locations":[{"start":{"line":250,"column":15},"end":{"line":270,"column":9}},{"start":{"line":250,"column":15},"end":{"line":270,"column":9}}],"line":250},"20":{"loc":{"start":{"line":253,"column":10},"end":{"line":265,"column":11}},"type":"if","locations":[{"start":{"line":253,"column":10},"end":{"line":265,"column":11}},{"start":{"line":253,"column":10},"end":{"line":265,"column":11}}],"line":253},"21":{"loc":{"start":{"line":266,"column":15},"end":{"line":270,"column":9}},"type":"if","locations":[{"start":{"line":266,"column":15},"end":{"line":270,"column":9}},{"start":{"line":266,"column":15},"end":{"line":270,"column":9}}],"line":266},"22":{"loc":{"start":{"line":294,"column":8},"end":{"line":333,"column":9}},"type":"if","locations":[{"start":{"line":294,"column":8},"end":{"line":333,"column":9}},{"start":{"line":294,"column":8},"end":{"line":333,"column":9}}],"line":294},"23":{"loc":{"start":{"line":299,"column":15},"end":{"line":333,"column":9}},"type":"if","locations":[{"start":{"line":299,"column":15},"end":{"line":333,"column":9}},{"start":{"line":299,"column":15},"end":{"line":333,"column":9}}],"line":299},"24":{"loc":{"start":{"line":302,"column":10},"end":{"line":328,"column":11}},"type":"if","locations":[{"start":{"line":302,"column":10},"end":{"line":328,"column":11}},{"start":{"line":302,"column":10},"end":{"line":328,"column":11}}],"line":302},"25":{"loc":{"start":{"line":303,"column":12},"end":{"line":321,"column":13}},"type":"if","locations":[{"start":{"line":303,"column":12},"end":{"line":321,"column":13}},{"start":{"line":303,"column":12},"end":{"line":321,"column":13}}],"line":303},"26":{"loc":{"start":{"line":309,"column":19},"end":{"line":321,"column":13}},"type":"if","locations":[{"start":{"line":309,"column":19},"end":{"line":321,"column":13}},{"start":{"line":309,"column":19},"end":{"line":321,"column":13}}],"line":309},"27":{"loc":{"start":{"line":329,"column":15},"end":{"line":333,"column":9}},"type":"if","locations":[{"start":{"line":329,"column":15},"end":{"line":333,"column":9}},{"start":{"line":329,"column":15},"end":{"line":333,"column":9}}],"line":329},"28":{"loc":{"start":{"line":356,"column":15},"end":{"line":358,"column":20}},"type":"cond-expr","locations":[{"start":{"line":357,"column":8},"end":{"line":357,"column":22}},{"start":{"line":358,"column":8},"end":{"line":358,"column":20}}],"line":356},"29":{"loc":{"start":{"line":365,"column":15},"end":{"line":367,"column":20}},"type":"cond-expr","locations":[{"start":{"line":366,"column":8},"end":{"line":366,"column":22}},{"start":{"line":367,"column":8},"end":{"line":367,"column":20}}],"line":365},"30":{"loc":{"start":{"line":400,"column":4},"end":{"line":402,"column":5}},"type":"if","locations":[{"start":{"line":400,"column":4},"end":{"line":402,"column":5}},{"start":{"line":400,"column":4},"end":{"line":402,"column":5}}],"line":400},"31":{"loc":{"start":{"line":412,"column":4},"end":{"line":414,"column":5}},"type":"if","locations":[{"start":{"line":412,"column":4},"end":{"line":414,"column":5}},{"start":{"line":412,"column":4},"end":{"line":414,"column":5}}],"line":412},"32":{"loc":{"start":{"line":424,"column":4},"end":{"line":426,"column":5}},"type":"if","locations":[{"start":{"line":424,"column":4},"end":{"line":426,"column":5}},{"start":{"line":424,"column":4},"end":{"line":426,"column":5}}],"line":424},"33":{"loc":{"start":{"line":436,"column":4},"end":{"line":438,"column":5}},"type":"if","locations":[{"start":{"line":436,"column":4},"end":{"line":438,"column":5}},{"start":{"line":436,"column":4},"end":{"line":438,"column":5}}],"line":436},"34":{"loc":{"start":{"line":448,"column":4},"end":{"line":450,"column":5}},"type":"if","locations":[{"start":{"line":448,"column":4},"end":{"line":450,"column":5}},{"start":{"line":448,"column":4},"end":{"line":450,"column":5}}],"line":448},"35":{"loc":{"start":{"line":460,"column":4},"end":{"line":462,"column":5}},"type":"if","locations":[{"start":{"line":460,"column":4},"end":{"line":462,"column":5}},{"start":{"line":460,"column":4},"end":{"line":462,"column":5}}],"line":460},"36":{"loc":{"start":{"line":467,"column":4},"end":{"line":471,"column":5}},"type":"if","locations":[{"start":{"line":467,"column":4},"end":{"line":471,"column":5}},{"start":{"line":467,"column":4},"end":{"line":471,"column":5}}],"line":467},"37":{"loc":{"start":{"line":484,"column":4},"end":{"line":490,"column":5}},"type":"if","locations":[{"start":{"line":484,"column":4},"end":{"line":490,"column":5}},{"start":{"line":484,"column":4},"end":{"line":490,"column":5}}],"line":484},"38":{"loc":{"start":{"line":486,"column":11},"end":{"line":490,"column":5}},"type":"if","locations":[{"start":{"line":486,"column":11},"end":{"line":490,"column":5}},{"start":{"line":486,"column":11},"end":{"line":490,"column":5}}],"line":486},"39":{"loc":{"start":{"line":486,"column":15},"end":{"line":486,"column":84}},"type":"binary-expr","locations":[{"start":{"line":486,"column":15},"end":{"line":486,"column":47}},{"start":{"line":486,"column":51},"end":{"line":486,"column":84}}],"line":486},"40":{"loc":{"start":{"line":488,"column":11},"end":{"line":490,"column":5}},"type":"if","locations":[{"start":{"line":488,"column":11},"end":{"line":490,"column":5}},{"start":{"line":488,"column":11},"end":{"line":490,"column":5}}],"line":488},"41":{"loc":{"start":{"line":488,"column":15},"end":{"line":488,"column":84}},"type":"binary-expr","locations":[{"start":{"line":488,"column":15},"end":{"line":488,"column":47}},{"start":{"line":488,"column":51},"end":{"line":488,"column":84}}],"line":488},"42":{"loc":{"start":{"line":505,"column":6},"end":{"line":507,"column":7}},"type":"if","locations":[{"start":{"line":505,"column":6},"end":{"line":507,"column":7}},{"start":{"line":505,"column":6},"end":{"line":507,"column":7}}],"line":505},"43":{"loc":{"start":{"line":525,"column":4},"end":{"line":529,"column":5}},"type":"if","locations":[{"start":{"line":525,"column":4},"end":{"line":529,"column":5}},{"start":{"line":525,"column":4},"end":{"line":529,"column":5}}],"line":525},"44":{"loc":{"start":{"line":530,"column":17},"end":{"line":532,"column":27}},"type":"cond-expr","locations":[{"start":{"line":531,"column":8},"end":{"line":531,"column":419}},{"start":{"line":532,"column":8},"end":{"line":532,"column":27}}],"line":530},"45":{"loc":{"start":{"line":533,"column":27},"end":{"line":535,"column":13}},"type":"cond-expr","locations":[{"start":{"line":534,"column":8},"end":{"line":534,"column":371}},{"start":{"line":535,"column":8},"end":{"line":535,"column":13}}],"line":533},"46":{"loc":{"start":{"line":533,"column":28},"end":{"line":533,"column":54}},"type":"binary-expr","locations":[{"start":{"line":533,"column":28},"end":{"line":533,"column":36}},{"start":{"line":533,"column":40},"end":{"line":533,"column":54}}],"line":533},"47":{"loc":{"start":{"line":536,"column":31},"end":{"line":538,"column":19}},"type":"cond-expr","locations":[{"start":{"line":537,"column":8},"end":{"line":537,"column":235}},{"start":{"line":538,"column":8},"end":{"line":538,"column":19}}],"line":536}},"s":{"0":1,"1":1,"2":0,"3":0,"4":0,"5":0,"6":0,"7":0,"8":0,"9":0,"10":0,"11":1,"12":1,"13":1,"14":1,"15":1,"16":1,"17":1,"18":1,"19":1,"20":1,"21":1,"22":1,"23":1,"24":1,"25":1,"26":1,"27":1,"28":1,"29":1,"30":1,"31":1,"32":1,"33":1,"34":1,"35":1,"36":1,"37":1,"38":1,"39":1,"40":0,"41":0,"42":0,"43":0,"44":0,"45":0,"46":0,"47":0,"48":0,"49":0,"50":0,"51":0,"52":0,"53":0,"54":0,"55":0,"56":0,"57":0,"58":0,"59":0,"60":0,"61":0,"62":0,"63":0,"64":0,"65":0,"66":0,"67":0,"68":0,"69":0,"70":0,"71":0,"72":0,"73":0,"74":0,"75":0,"76":0,"77":0,"78":0,"79":0,"80":0,"81":0,"82":0,"83":0,"84":0,"85":0,"86":0,"87":0,"88":0,"89":0,"90":0,"91":0,"92":0,"93":0,"94":1,"95":1,"96":1,"97":1,"98":1,"99":1,"100":2,"101":2,"102":2,"103":2,"104":2,"105":2,"106":2,"107":2,"108":70,"109":70,"110":4,"111":4,"112":4,"113":4,"114":66,"115":61,"116":61,"117":61,"118":61,"119":61,"120":5,"121":5,"122":5,"123":5,"124":2,"125":1,"126":0,"127":0,"128":0,"129":0,"130":0,"131":0,"132":0,"133":0,"134":0,"135":0,"136":0,"137":0,"138":0,"139":0,"140":0,"141":0,"142":0,"143":0,"144":0,"145":0,"146":0,"147":0,"148":0,"149":0,"150":0,"151":0,"152":0,"153":0,"154":0,"155":0,"156":0,"157":0,"158":0,"159":0,"160":0,"161":0,"162":0,"163":0,"164":0,"165":0,"166":0,"167":0,"168":0,"169":0,"170":0,"171":0,"172":0,"173":0,"174":0,"175":0,"176":0,"177":0,"178":0,"179":0,"180":0,"181":0,"182":0,"183":0,"184":0,"185":0,"186":0,"187":0,"188":0,"189":0,"190":0,"191":0,"192":0,"193":0,"194":0,"195":0,"196":0,"197":0,"198":0,"199":0,"200":0,"201":0,"202":0,"203":0,"204":0,"205":0,"206":0,"207":0,"208":0,"209":0,"210":0,"211":0,"212":0,"213":0,"214":0,"215":0,"216":0,"217":0,"218":0,"219":0,"220":0,"221":0,"222":0,"223":0,"224":0,"225":0,"226":1,"227":1,"228":1,"229":2,"230":2,"231":2,"232":2,"233":10,"234":2,"235":1,"236":0,"237":0,"238":0,"239":0,"240":0,"241":0,"242":0,"243":0,"244":0,"245":0,"246":0,"247":0,"248":0,"249":0,"250":0,"251":0,"252":0,"253":0,"254":0,"255":0,"256":0,"257":0,"258":0,"259":0,"260":0,"261":0,"262":0,"263":0,"264":0,"265":0,"266":0,"267":0,"268":0,"269":0,"270":0,"271":0,"272":0,"273":0,"274":0,"275":0,"276":0,"277":0,"278":0,"279":0,"280":0,"281":0,"282":0,"283":0,"284":0,"285":0,"286":0,"287":0,"288":0,"289":0,"290":0,"291":0,"292":0,"293":0,"294":0,"295":0,"296":0,"297":0,"298":0,"299":0,"300":0,"301":0,"302":0,"303":0,"304":0,"305":0,"306":0,"307":0,"308":0,"309":0,"310":0,"311":0,"312":0,"313":0,"314":0,"315":0,"316":0,"317":0,"318":0,"319":0,"320":0,"321":0,"322":0,"323":0,"324":0,"325":0,"326":0,"327":0,"328":0,"329":0,"330":0,"331":0,"332":0,"333":0,"334":0,"335":0,"336":0,"337":0,"338":0,"339":0,"340":0,"341":0,"342":0,"343":0,"344":0,"345":0,"346":0,"347":0,"348":1,"349":1,"350":2,"351":2,"352":2,"353":2,"354":2,"355":2,"356":2,"357":0,"358":0,"359":0,"360":2,"361":2,"362":2,"363":2},"f":{"0":0,"1":0,"2":1,"3":1,"4":0,"5":0,"6":0,"7":0,"8":0,"9":0,"10":0,"11":0,"12":0,"13":0,"14":0,"15":0,"16":1,"17":0,"18":0,"19":0,"20":0,"21":0,"22":1,"23":0,"24":0,"25":0,"26":0,"27":0,"28":0,"29":0,"30":0,"31":0,"32":0,"33":0,"34":0,"35":0,"36":0,"37":0,"38":0,"39":0,"40":0,"41":0,"42":0,"43":0,"44":0,"45":0,"46":0,"47":0,"48":0,"49":0,"50":1,"51":2},"b":{"0":[0,0],"1":[0,0],"2":[0,0],"3":[0,0],"4":[0,0],"5":[0,0],"6":[0,0],"7":[0,0],"8":[0,0],"9":[0,0],"10":[0,0],"11":[0,0],"12":[0,0],"13":[0,0],"14":[0,0],"15":[4,66],"16":[61,5],"17":[5,0],"18":[0,0],"19":[0,0],"20":[0,0],"21":[0,0],"22":[0,0],"23":[0,0],"24":[0,0],"25":[0,0],"26":[0,0],"27":[0,0],"28":[0,0],"29":[0,0],"30":[0,0],"31":[0,0],"32":[0,0],"33":[0,0],"34":[0,0],"35":[0,0],"36":[0,0],"37":[0,0],"38":[0,0],"39":[0,0],"40":[0,0],"41":[0,0],"42":[0,0],"43":[0,2],"44":[0,2],"45":[0,2],"46":[2,0],"47":[0,2]},"_coverageSchema":"1a1c01bbd47fc00a2c39e90264f33305004495a9","hash":"7fb3fd1c7d56f19283fa5b7aea2b744b756ad421"}
,"/Users/pepe/pepe/HR/FEC/Booking-Service/client/src/components/Button.jsx": {"path":"/Users/pepe/pepe/HR/FEC/Booking-Service/client/src/components/Button.jsx","statementMap":{"0":{"start":{"line":4,"column":18},"end":{"line":16,"column":1}},"1":{"start":{"line":20,"column":4},"end":{"line":20,"column":17}},"2":{"start":{"line":21,"column":4},"end":{"line":21,"column":20}},"3":{"start":{"line":25,"column":42},"end":{"line":25,"column":52}},"4":{"start":{"line":26,"column":17},"end":{"line":28,"column":17}},"5":{"start":{"line":29,"column":4},"end":{"line":39,"column":6}},"6":{"start":{"line":32,"column":10},"end":{"line":34,"column":11}},"7":{"start":{"line":33,"column":12},"end":{"line":33,"column":52}}},"fnMap":{"0":{"name":"(anonymous_0)","decl":{"start":{"line":19,"column":2},"end":{"line":19,"column":3}},"loc":{"start":{"line":19,"column":21},"end":{"line":22,"column":3}},"line":19},"1":{"name":"(anonymous_1)","decl":{"start":{"line":24,"column":2},"end":{"line":24,"column":3}},"loc":{"start":{"line":24,"column":11},"end":{"line":40,"column":3}},"line":24},"2":{"name":"(anonymous_2)","decl":{"start":{"line":31,"column":28},"end":{"line":31,"column":29}},"loc":{"start":{"line":31,"column":34},"end":{"line":35,"column":9}},"line":31}},"branchMap":{"0":{"loc":{"start":{"line":26,"column":17},"end":{"line":28,"column":17}},"type":"cond-expr","locations":[{"start":{"line":27,"column":8},"end":{"line":27,"column":28}},{"start":{"line":28,"column":8},"end":{"line":28,"column":17}}],"line":26},"1":{"loc":{"start":{"line":32,"column":10},"end":{"line":34,"column":11}},"type":"if","locations":[{"start":{"line":32,"column":10},"end":{"line":34,"column":11}},{"start":{"line":32,"column":10},"end":{"line":34,"column":11}}],"line":32},"2":{"loc":{"start":{"line":32,"column":14},"end":{"line":32,"column":85}},"type":"binary-expr","locations":[{"start":{"line":32,"column":14},"end":{"line":32,"column":47}},{"start":{"line":32,"column":51},"end":{"line":32,"column":85}}],"line":32}},"s":{"0":1,"1":0,"2":0,"3":0,"4":0,"5":0,"6":0,"7":0},"f":{"0":0,"1":0,"2":0},"b":{"0":[0,0],"1":[0,0],"2":[0,0]},"_coverageSchema":"1a1c01bbd47fc00a2c39e90264f33305004495a9","hash":"d63d1ac46ce535d3be42b44181bdd6f0149a46f9"}
,"/Users/pepe/pepe/HR/FEC/Booking-Service/client/src/components/Calendar.jsx": {"path":"/Users/pepe/pepe/HR/FEC/Booking-Service/client/src/components/Calendar.jsx","statementMap":{"0":{"start":{"line":10,"column":18},"end":{"line":22,"column":1}},"1":{"start":{"line":26,"column":4},"end":{"line":26,"column":17}},"2":{"start":{"line":27,"column":4},"end":{"line":27,"column":20}},"3":{"start":{"line":31,"column":168},"end":{"line":31,"column":178}},"4":{"start":{"line":32,"column":25},"end":{"line":32,"column":29}},"5":{"start":{"line":33,"column":21},"end":{"line":35,"column":27}},"6":{"start":{"line":36,"column":25},"end":{"line":38,"column":27}},"7":{"start":{"line":39,"column":28},"end":{"line":41,"column":27}},"8":{"start":{"line":42,"column":24},"end":{"line":44,"column":13}},"9":{"start":{"line":45,"column":4},"end":{"line":52,"column":6}}},"fnMap":{"0":{"name":"(anonymous_0)","decl":{"start":{"line":25,"column":2},"end":{"line":25,"column":3}},"loc":{"start":{"line":25,"column":21},"end":{"line":28,"column":3}},"line":25},"1":{"name":"(anonymous_1)","decl":{"start":{"line":30,"column":2},"end":{"line":30,"column":3}},"loc":{"start":{"line":30,"column":11},"end":{"line":53,"column":3}},"line":30}},"branchMap":{"0":{"loc":{"start":{"line":33,"column":21},"end":{"line":35,"column":27}},"type":"cond-expr","locations":[{"start":{"line":34,"column":8},"end":{"line":34,"column":193}},{"start":{"line":35,"column":8},"end":{"line":35,"column":27}}],"line":33},"1":{"loc":{"start":{"line":36,"column":25},"end":{"line":38,"column":27}},"type":"cond-expr","locations":[{"start":{"line":37,"column":8},"end":{"line":37,"column":49}},{"start":{"line":38,"column":8},"end":{"line":38,"column":27}}],"line":36},"2":{"loc":{"start":{"line":39,"column":28},"end":{"line":41,"column":27}},"type":"cond-expr","locations":[{"start":{"line":40,"column":8},"end":{"line":40,"column":78}},{"start":{"line":41,"column":8},"end":{"line":41,"column":27}}],"line":39},"3":{"loc":{"start":{"line":42,"column":24},"end":{"line":44,"column":13}},"type":"cond-expr","locations":[{"start":{"line":43,"column":8},"end":{"line":43,"column":81}},{"start":{"line":44,"column":8},"end":{"line":44,"column":13}}],"line":42}},"s":{"0":1,"1":0,"2":0,"3":0,"4":0,"5":0,"6":0,"7":0,"8":0,"9":0},"f":{"0":0,"1":0},"b":{"0":[0,0],"1":[0,0],"2":[0,0],"3":[0,0]},"_coverageSchema":"1a1c01bbd47fc00a2c39e90264f33305004495a9","hash":"7b9fc3fcb9db674738b4b0907dc29037461cf111"}
,"/Users/pepe/pepe/HR/FEC/Booking-Service/client/src/components/CalendarClose.jsx": {"path":"/Users/pepe/pepe/HR/FEC/Booking-Service/client/src/components/CalendarClose.jsx","statementMap":{"0":{"start":{"line":4,"column":18},"end":{"line":9,"column":1}},"1":{"start":{"line":11,"column":17},"end":{"line":18,"column":1}},"2":{"start":{"line":20,"column":18},"end":{"line":26,"column":1}},"3":{"start":{"line":28,"column":16},"end":{"line":33,"column":1}},"4":{"start":{"line":37,"column":4},"end":{"line":37,"column":17}},"5":{"start":{"line":38,"column":4},"end":{"line":38,"column":20}},"6":{"start":{"line":42,"column":43},"end":{"line":42,"column":53}},"7":{"start":{"line":43,"column":4},"end":{"line":50,"column":6}},"8":{"start":{"line":46,"column":34},"end":{"line":46,"column":46}},"9":{"start":{"line":47,"column":33},"end":{"line":47,"column":49}}},"fnMap":{"0":{"name":"(anonymous_0)","decl":{"start":{"line":36,"column":2},"end":{"line":36,"column":3}},"loc":{"start":{"line":36,"column":21},"end":{"line":39,"column":3}},"line":36},"1":{"name":"(anonymous_1)","decl":{"start":{"line":41,"column":2},"end":{"line":41,"column":3}},"loc":{"start":{"line":41,"column":11},"end":{"line":51,"column":3}},"line":41},"2":{"name":"(anonymous_2)","decl":{"start":{"line":46,"column":28},"end":{"line":46,"column":29}},"loc":{"start":{"line":46,"column":34},"end":{"line":46,"column":46}},"line":46},"3":{"name":"(anonymous_3)","decl":{"start":{"line":47,"column":27},"end":{"line":47,"column":28}},"loc":{"start":{"line":47,"column":33},"end":{"line":47,"column":49}},"line":47}},"branchMap":{},"s":{"0":1,"1":1,"2":1,"3":1,"4":0,"5":0,"6":0,"7":0,"8":0,"9":0},"f":{"0":0,"1":0,"2":0,"3":0},"b":{},"_coverageSchema":"1a1c01bbd47fc00a2c39e90264f33305004495a9","hash":"ace0199c24fa183bb49cfdf21977ba3bba8aff61"}
,"/Users/pepe/pepe/HR/FEC/Booking-Service/client/src/components/CalendarTitle.jsx": {"path":"/Users/pepe/pepe/HR/FEC/Booking-Service/client/src/components/CalendarTitle.jsx","statementMap":{"0":{"start":{"line":5,"column":18},"end":{"line":10,"column":1}},"1":{"start":{"line":12,"column":17},"end":{"line":17,"column":1}},"2":{"start":{"line":19,"column":28},"end":{"line":28,"column":1}},"3":{"start":{"line":30,"column":22},"end":{"line":36,"column":1}},"4":{"start":{"line":38,"column":30},"end":{"line":48,"column":1}},"5":{"start":{"line":51,"column":19},"end":{"line":55,"column":1}},"6":{"start":{"line":57,"column":22},"end":{"line":61,"column":1}},"7":{"start":{"line":63,"column":23},"end":{"line":66,"column":1}},"8":{"start":{"line":68,"column":17},"end":{"line":72,"column":1}},"9":{"start":{"line":76,"column":4},"end":{"line":76,"column":17}},"10":{"start":{"line":77,"column":4},"end":{"line":77,"column":69}},"11":{"start":{"line":79,"column":4},"end":{"line":79,"column":51}},"12":{"start":{"line":83,"column":32},"end":{"line":83,"column":42}},"13":{"start":{"line":84,"column":4},"end":{"line":88,"column":5}},"14":{"start":{"line":85,"column":6},"end":{"line":85,"column":70}},"15":{"start":{"line":86,"column":11},"end":{"line":88,"column":5}},"16":{"start":{"line":87,"column":6},"end":{"line":87,"column":69}},"17":{"start":{"line":92,"column":99},"end":{"line":92,"column":109}},"18":{"start":{"line":93,"column":32},"end":{"line":93,"column":42}},"19":{"start":{"line":94,"column":25},"end":{"line":96,"column":27}},"20":{"start":{"line":97,"column":29},"end":{"line":125,"column":29}},"21":{"start":{"line":99,"column":46},"end":{"line":99,"column":64}},"22":{"start":{"line":103,"column":53},"end":{"line":103,"column":91}},"23":{"start":{"line":105,"column":38},"end":{"line":105,"column":56}},"24":{"start":{"line":109,"column":54},"end":{"line":109,"column":93}},"25":{"start":{"line":113,"column":38},"end":{"line":113,"column":56}},"26":{"start":{"line":117,"column":53},"end":{"line":117,"column":91}},"27":{"start":{"line":119,"column":46},"end":{"line":119,"column":64}},"28":{"start":{"line":123,"column":54},"end":{"line":123,"column":93}},"29":{"start":{"line":126,"column":4},"end":{"line":131,"column":6}}},"fnMap":{"0":{"name":"(anonymous_0)","decl":{"start":{"line":75,"column":2},"end":{"line":75,"column":3}},"loc":{"start":{"line":75,"column":21},"end":{"line":80,"column":3}},"line":75},"1":{"name":"(anonymous_1)","decl":{"start":{"line":82,"column":2},"end":{"line":82,"column":3}},"loc":{"start":{"line":82,"column":16},"end":{"line":89,"column":3}},"line":82},"2":{"name":"(anonymous_2)","decl":{"start":{"line":91,"column":2},"end":{"line":91,"column":3}},"loc":{"start":{"line":91,"column":11},"end":{"line":132,"column":3}},"line":91},"3":{"name":"(anonymous_3)","decl":{"start":{"line":99,"column":40},"end":{"line":99,"column":41}},"loc":{"start":{"line":99,"column":46},"end":{"line":99,"column":64}},"line":99},"4":{"name":"(anonymous_4)","decl":{"start":{"line":103,"column":46},"end":{"line":103,"column":47}},"loc":{"start":{"line":103,"column":53},"end":{"line":103,"column":91}},"line":103},"5":{"name":"(anonymous_5)","decl":{"start":{"line":105,"column":32},"end":{"line":105,"column":33}},"loc":{"start":{"line":105,"column":38},"end":{"line":105,"column":56}},"line":105},"6":{"name":"(anonymous_6)","decl":{"start":{"line":109,"column":47},"end":{"line":109,"column":48}},"loc":{"start":{"line":109,"column":54},"end":{"line":109,"column":93}},"line":109},"7":{"name":"(anonymous_7)","decl":{"start":{"line":113,"column":32},"end":{"line":113,"column":33}},"loc":{"start":{"line":113,"column":38},"end":{"line":113,"column":56}},"line":113},"8":{"name":"(anonymous_8)","decl":{"start":{"line":117,"column":46},"end":{"line":117,"column":47}},"loc":{"start":{"line":117,"column":53},"end":{"line":117,"column":91}},"line":117},"9":{"name":"(anonymous_9)","decl":{"start":{"line":119,"column":40},"end":{"line":119,"column":41}},"loc":{"start":{"line":119,"column":46},"end":{"line":119,"column":64}},"line":119},"10":{"name":"(anonymous_10)","decl":{"start":{"line":123,"column":47},"end":{"line":123,"column":48}},"loc":{"start":{"line":123,"column":54},"end":{"line":123,"column":93}},"line":123}},"branchMap":{"0":{"loc":{"start":{"line":84,"column":4},"end":{"line":88,"column":5}},"type":"if","locations":[{"start":{"line":84,"column":4},"end":{"line":88,"column":5}},{"start":{"line":84,"column":4},"end":{"line":88,"column":5}}],"line":84},"1":{"loc":{"start":{"line":86,"column":11},"end":{"line":88,"column":5}},"type":"if","locations":[{"start":{"line":86,"column":11},"end":{"line":88,"column":5}},{"start":{"line":86,"column":11},"end":{"line":88,"column":5}}],"line":86},"2":{"loc":{"start":{"line":94,"column":25},"end":{"line":96,"column":27}},"type":"cond-expr","locations":[{"start":{"line":95,"column":8},"end":{"line":95,"column":236}},{"start":{"line":96,"column":8},"end":{"line":96,"column":27}}],"line":94},"3":{"loc":{"start":{"line":95,"column":31},"end":{"line":95,"column":96}},"type":"cond-expr","locations":[{"start":{"line":95,"column":55},"end":{"line":95,"column":79}},{"start":{"line":95,"column":82},"end":{"line":95,"column":96}}],"line":95},"4":{"loc":{"start":{"line":95,"column":126},"end":{"line":95,"column":208}},"type":"cond-expr","locations":[{"start":{"line":95,"column":155},"end":{"line":95,"column":172}},{"start":{"line":95,"column":175},"end":{"line":95,"column":208}}],"line":95},"5":{"loc":{"start":{"line":97,"column":29},"end":{"line":125,"column":29}},"type":"cond-expr","locations":[{"start":{"line":98,"column":9},"end":{"line":111,"column":28}},{"start":{"line":112,"column":9},"end":{"line":125,"column":28}}],"line":97}},"s":{"0":1,"1":1,"2":1,"3":1,"4":1,"5":1,"6":1,"7":1,"8":1,"9":0,"10":0,"11":0,"12":0,"13":0,"14":0,"15":0,"16":0,"17":0,"18":0,"19":0,"20":0,"21":0,"22":0,"23":0,"24":0,"25":0,"26":0,"27":0,"28":0,"29":0},"f":{"0":0,"1":0,"2":0,"3":0,"4":0,"5":0,"6":0,"7":0,"8":0,"9":0,"10":0},"b":{"0":[0,0],"1":[0,0],"2":[0,0],"3":[0,0],"4":[0,0],"5":[0,0]},"_coverageSchema":"1a1c01bbd47fc00a2c39e90264f33305004495a9","hash":"f58638076cf4f4686f4141771a472949ff96b7eb"}
,"/Users/pepe/pepe/HR/FEC/Booking-Service/client/src/components/CheckInOut.jsx": {"path":"/Users/pepe/pepe/HR/FEC/Booking-Service/client/src/components/CheckInOut.jsx","statementMap":{"0":{"start":{"line":5,"column":18},"end":{"line":10,"column":1}},"1":{"start":{"line":12,"column":16},"end":{"line":18,"column":1}},"2":{"start":{"line":20,"column":22},"end":{"line":27,"column":1}},"3":{"start":{"line":31,"column":23},"end":{"line":34,"column":1}},"4":{"start":{"line":36,"column":22},"end":{"line":40,"column":1}},"5":{"start":{"line":44,"column":4},"end":{"line":44,"column":17}},"6":{"start":{"line":45,"column":4},"end":{"line":45,"column":20}},"7":{"start":{"line":49,"column":56},"end":{"line":49,"column":66}},"8":{"start":{"line":50,"column":26},"end":{"line":52,"column":27}},"9":{"start":{"line":53,"column":27},"end":{"line":55,"column":27}},"10":{"start":{"line":56,"column":4},"end":{"line":61,"column":6}},"11":{"start":{"line":57,"column":32},"end":{"line":57,"column":48}}},"fnMap":{"0":{"name":"(anonymous_0)","decl":{"start":{"line":43,"column":2},"end":{"line":43,"column":3}},"loc":{"start":{"line":43,"column":21},"end":{"line":46,"column":3}},"line":43},"1":{"name":"(anonymous_1)","decl":{"start":{"line":48,"column":2},"end":{"line":48,"column":3}},"loc":{"start":{"line":48,"column":11},"end":{"line":62,"column":3}},"line":48},"2":{"name":"(anonymous_2)","decl":{"start":{"line":57,"column":26},"end":{"line":57,"column":27}},"loc":{"start":{"line":57,"column":32},"end":{"line":57,"column":48}},"line":57}},"branchMap":{"0":{"loc":{"start":{"line":50,"column":26},"end":{"line":52,"column":27}},"type":"cond-expr","locations":[{"start":{"line":51,"column":9},"end":{"line":51,"column":113}},{"start":{"line":52,"column":8},"end":{"line":52,"column":27}}],"line":50},"1":{"loc":{"start":{"line":53,"column":27},"end":{"line":55,"column":27}},"type":"cond-expr","locations":[{"start":{"line":54,"column":9},"end":{"line":54,"column":102}},{"start":{"line":55,"column":8},"end":{"line":55,"column":27}}],"line":53}},"s":{"0":1,"1":1,"2":1,"3":1,"4":1,"5":0,"6":0,"7":0,"8":0,"9":0,"10":0,"11":0},"f":{"0":0,"1":0,"2":0},"b":{"0":[0,0],"1":[0,0]},"_coverageSchema":"1a1c01bbd47fc00a2c39e90264f33305004495a9","hash":"f9e7ffc5d290772489e3e491e5a88c20360a275a"}
,"/Users/pepe/pepe/HR/FEC/Booking-Service/client/src/components/Day.jsx": {"path":"/Users/pepe/pepe/HR/FEC/Booking-Service/client/src/components/Day.jsx","statementMap":{"0":{"start":{"line":6,"column":23},"end":{"line":13,"column":1}},"1":{"start":{"line":15,"column":22},"end":{"line":26,"column":1}},"2":{"start":{"line":28,"column":24},"end":{"line":43,"column":1}},"3":{"start":{"line":45,"column":23},"end":{"line":63,"column":1}},"4":{"start":{"line":65,"column":26},"end":{"line":78,"column":1}},"5":{"start":{"line":80,"column":27},"end":{"line":89,"column":1}},"6":{"start":{"line":93,"column":4},"end":{"line":93,"column":17}},"7":{"start":{"line":94,"column":4},"end":{"line":94,"column":19}},"8":{"start":{"line":99,"column":47},"end":{"line":99,"column":57}},"9":{"start":{"line":101,"column":4},"end":{"line":107,"column":5}},"10":{"start":{"line":102,"column":6},"end":{"line":106,"column":7}},"11":{"start":{"line":103,"column":8},"end":{"line":103,"column":24}},"12":{"start":{"line":105,"column":8},"end":{"line":105,"column":25}},"13":{"start":{"line":108,"column":23},"end":{"line":110,"column":10}},"14":{"start":{"line":111,"column":21},"end":{"line":125,"column":18}},"15":{"start":{"line":112,"column":40},"end":{"line":112,"column":59}},"16":{"start":{"line":116,"column":38},"end":{"line":116,"column":57}},"17":{"start":{"line":126,"column":4},"end":{"line":128,"column":6}}},"fnMap":{"0":{"name":"(anonymous_0)","decl":{"start":{"line":92,"column":2},"end":{"line":92,"column":3}},"loc":{"start":{"line":92,"column":21},"end":{"line":95,"column":3}},"line":92},"1":{"name":"(anonymous_1)","decl":{"start":{"line":98,"column":2},"end":{"line":98,"column":3}},"loc":{"start":{"line":98,"column":11},"end":{"line":129,"column":3}},"line":98},"2":{"name":"(anonymous_2)","decl":{"start":{"line":112,"column":34},"end":{"line":112,"column":35}},"loc":{"start":{"line":112,"column":40},"end":{"line":112,"column":59}},"line":112},"3":{"name":"(anonymous_3)","decl":{"start":{"line":116,"column":32},"end":{"line":116,"column":33}},"loc":{"start":{"line":116,"column":38},"end":{"line":116,"column":57}},"line":116}},"branchMap":{"0":{"loc":{"start":{"line":101,"column":4},"end":{"line":107,"column":5}},"type":"if","locations":[{"start":{"line":101,"column":4},"end":{"line":107,"column":5}},{"start":{"line":101,"column":4},"end":{"line":107,"column":5}}],"line":101},"1":{"loc":{"start":{"line":102,"column":6},"end":{"line":106,"column":7}},"type":"if","locations":[{"start":{"line":102,"column":6},"end":{"line":106,"column":7}},{"start":{"line":102,"column":6},"end":{"line":106,"column":7}}],"line":102},"2":{"loc":{"start":{"line":102,"column":10},"end":{"line":102,"column":93}},"type":"binary-expr","locations":[{"start":{"line":102,"column":11},"end":{"line":102,"column":32}},{"start":{"line":102,"column":36},"end":{"line":102,"column":48}},{"start":{"line":102,"column":54},"end":{"line":102,"column":76}},{"start":{"line":102,"column":80},"end":{"line":102,"column":92}}],"line":102},"3":{"loc":{"start":{"line":108,"column":23},"end":{"line":110,"column":10}},"type":"cond-expr","locations":[{"start":{"line":109,"column":8},"end":{"line":109,"column":26}},{"start":{"line":110,"column":8},"end":{"line":110,"column":10}}],"line":108},"4":{"loc":{"start":{"line":108,"column":23},"end":{"line":108,"column":53}},"type":"binary-expr","locations":[{"start":{"line":108,"column":23},"end":{"line":108,"column":37}},{"start":{"line":108,"column":41},"end":{"line":108,"column":53}}],"line":108},"5":{"loc":{"start":{"line":111,"column":21},"end":{"line":125,"column":18}},"type":"cond-expr","locations":[{"start":{"line":112,"column":6},"end":{"line":112,"column":100}},{"start":{"line":113,"column":6},"end":{"line":125,"column":18}}],"line":111},"6":{"loc":{"start":{"line":113,"column":6},"end":{"line":125,"column":18}},"type":"cond-expr","locations":[{"start":{"line":114,"column":6},"end":{"line":114,"column":46}},{"start":{"line":115,"column":6},"end":{"line":125,"column":18}}],"line":113},"7":{"loc":{"start":{"line":115,"column":6},"end":{"line":125,"column":18}},"type":"cond-expr","locations":[{"start":{"line":116,"column":6},"end":{"line":116,"column":96}},{"start":{"line":117,"column":6},"end":{"line":125,"column":18}}],"line":115},"8":{"loc":{"start":{"line":117,"column":6},"end":{"line":125,"column":18}},"type":"cond-expr","locations":[{"start":{"line":118,"column":6},"end":{"line":118,"column":61}},{"start":{"line":119,"column":6},"end":{"line":125,"column":18}}],"line":117},"9":{"loc":{"start":{"line":119,"column":6},"end":{"line":125,"column":18}},"type":"cond-expr","locations":[{"start":{"line":120,"column":6},"end":{"line":120,"column":56}},{"start":{"line":121,"column":6},"end":{"line":125,"column":18}}],"line":119},"10":{"loc":{"start":{"line":121,"column":6},"end":{"line":125,"column":18}},"type":"cond-expr","locations":[{"start":{"line":122,"column":6},"end":{"line":122,"column":64}},{"start":{"line":123,"column":6},"end":{"line":125,"column":18}}],"line":121},"11":{"loc":{"start":{"line":123,"column":6},"end":{"line":125,"column":18}},"type":"cond-expr","locations":[{"start":{"line":124,"column":6},"end":{"line":124,"column":58}},{"start":{"line":125,"column":6},"end":{"line":125,"column":18}}],"line":123}},"s":{"0":1,"1":1,"2":1,"3":1,"4":1,"5":1,"6":0,"7":0,"8":0,"9":0,"10":0,"11":0,"12":0,"13":0,"14":0,"15":0,"16":0,"17":0},"f":{"0":0,"1":0,"2":0,"3":0},"b":{"0":[0,0],"1":[0,0],"2":[0,0,0,0],"3":[0,0],"4":[0,0],"5":[0,0],"6":[0,0],"7":[0,0],"8":[0,0],"9":[0,0],"10":[0,0],"11":[0,0]},"_coverageSchema":"1a1c01bbd47fc00a2c39e90264f33305004495a9","hash":"dd19c44a6d7be9f722892e630461c7834fbdbbd0"}
,"/Users/pepe/pepe/HR/FEC/Booking-Service/client/src/components/DaysOfWeek.jsx": {"path":"/Users/pepe/pepe/HR/FEC/Booking-Service/client/src/components/DaysOfWeek.jsx","statementMap":{"0":{"start":{"line":5,"column":13},"end":{"line":10,"column":1}},"1":{"start":{"line":14,"column":4},"end":{"line":14,"column":17}},"2":{"start":{"line":15,"column":4},"end":{"line":15,"column":20}},"3":{"start":{"line":19,"column":4},"end":{"line":31,"column":6}}},"fnMap":{"0":{"name":"(anonymous_0)","decl":{"start":{"line":13,"column":2},"end":{"line":13,"column":3}},"loc":{"start":{"line":13,"column":21},"end":{"line":16,"column":3}},"line":13},"1":{"name":"(anonymous_1)","decl":{"start":{"line":18,"column":2},"end":{"line":18,"column":3}},"loc":{"start":{"line":18,"column":11},"end":{"line":32,"column":3}},"line":18}},"branchMap":{},"s":{"0":1,"1":0,"2":0,"3":0},"f":{"0":0,"1":0},"b":{},"_coverageSchema":"1a1c01bbd47fc00a2c39e90264f33305004495a9","hash":"7310508d8140fa133c530aa72bae5f1b8d445abc"}
,"/Users/pepe/pepe/HR/FEC/Booking-Service/client/src/components/Guest.jsx": {"path":"/Users/pepe/pepe/HR/FEC/Booking-Service/client/src/components/Guest.jsx","statementMap":{"0":{"start":{"line":5,"column":18},"end":{"line":11,"column":1}},"1":{"start":{"line":13,"column":16},"end":{"line":18,"column":1}},"2":{"start":{"line":20,"column":14},"end":{"line":22,"column":1}},"3":{"start":{"line":26,"column":23},"end":{"line":29,"column":1}},"4":{"start":{"line":31,"column":22},"end":{"line":34,"column":1}},"5":{"start":{"line":38,"column":4},"end":{"line":38,"column":17}},"6":{"start":{"line":39,"column":4},"end":{"line":39,"column":33}},"7":{"start":{"line":40,"column":4},"end":{"line":40,"column":49}},"8":{"start":{"line":44,"column":21},"end":{"line":44,"column":31}},"9":{"start":{"line":45,"column":4},"end":{"line":49,"column":5}},"10":{"start":{"line":46,"column":6},"end":{"line":46,"column":35}},"11":{"start":{"line":48,"column":6},"end":{"line":48,"column":34}},"12":{"start":{"line":53,"column":55},"end":{"line":53,"column":65}},"13":{"start":{"line":54,"column":21},"end":{"line":54,"column":31}},"14":{"start":{"line":55,"column":29},"end":{"line":57,"column":27}},"15":{"start":{"line":58,"column":24},"end":{"line":60,"column":79}},"16":{"start":{"line":61,"column":4},"end":{"line":66,"column":6}},"17":{"start":{"line":62,"column":34},"end":{"line":62,"column":43}},"18":{"start":{"line":62,"column":44},"end":{"line":62,"column":61}}},"fnMap":{"0":{"name":"(anonymous_0)","decl":{"start":{"line":37,"column":2},"end":{"line":37,"column":3}},"loc":{"start":{"line":37,"column":21},"end":{"line":41,"column":3}},"line":37},"1":{"name":"(anonymous_1)","decl":{"start":{"line":43,"column":2},"end":{"line":43,"column":3}},"loc":{"start":{"line":43,"column":15},"end":{"line":50,"column":3}},"line":43},"2":{"name":"(anonymous_2)","decl":{"start":{"line":52,"column":2},"end":{"line":52,"column":3}},"loc":{"start":{"line":52,"column":11},"end":{"line":67,"column":3}},"line":52},"3":{"name":"(anonymous_3)","decl":{"start":{"line":62,"column":26},"end":{"line":62,"column":27}},"loc":{"start":{"line":62,"column":32},"end":{"line":62,"column":63}},"line":62}},"branchMap":{"0":{"loc":{"start":{"line":45,"column":4},"end":{"line":49,"column":5}},"type":"if","locations":[{"start":{"line":45,"column":4},"end":{"line":49,"column":5}},{"start":{"line":45,"column":4},"end":{"line":49,"column":5}}],"line":45},"1":{"loc":{"start":{"line":55,"column":29},"end":{"line":57,"column":27}},"type":"cond-expr","locations":[{"start":{"line":56,"column":8},"end":{"line":56,"column":116}},{"start":{"line":57,"column":8},"end":{"line":57,"column":27}}],"line":55},"2":{"loc":{"start":{"line":58,"column":24},"end":{"line":60,"column":79}},"type":"cond-expr","locations":[{"start":{"line":59,"column":8},"end":{"line":59,"column":77}},{"start":{"line":60,"column":8},"end":{"line":60,"column":79}}],"line":58}},"s":{"0":1,"1":1,"2":1,"3":1,"4":1,"5":0,"6":0,"7":0,"8":0,"9":0,"10":0,"11":0,"12":0,"13":0,"14":0,"15":0,"16":0,"17":0,"18":0},"f":{"0":0,"1":0,"2":0,"3":0},"b":{"0":[0,0],"1":[0,0],"2":[0,0]},"_coverageSchema":"1a1c01bbd47fc00a2c39e90264f33305004495a9","hash":"8db7362be3ea030dd3c7867ce1a32ac184365cff"}
,"/Users/pepe/pepe/HR/FEC/Booking-Service/client/src/components/GuestModal.jsx": {"path":"/Users/pepe/pepe/HR/FEC/Booking-Service/client/src/components/GuestModal.jsx","statementMap":{"0":{"start":{"line":5,"column":14},"end":{"line":17,"column":1}},"1":{"start":{"line":20,"column":16},"end":{"line":25,"column":1}},"2":{"start":{"line":27,"column":16},"end":{"line":33,"column":1}},"3":{"start":{"line":35,"column":15},"end":{"line":39,"column":1}},"4":{"start":{"line":41,"column":14},"end":{"line":43,"column":1}},"5":{"start":{"line":45,"column":17},"end":{"line":50,"column":1}},"6":{"start":{"line":53,"column":16},"end":{"line":56,"column":1}},"7":{"start":{"line":58,"column":22},"end":{"line":61,"column":1}},"8":{"start":{"line":63,"column":14},"end":{"line":67,"column":1}},"9":{"start":{"line":69,"column":20},"end":{"line":75,"column":1}},"10":{"start":{"line":79,"column":4},"end":{"line":79,"column":17}},"11":{"start":{"line":80,"column":4},"end":{"line":80,"column":20}},"12":{"start":{"line":84,"column":105},"end":{"line":84,"column":115}},"13":{"start":{"line":86,"column":4},"end":{"line":106,"column":5}},"14":{"start":{"line":87,"column":6},"end":{"line":99,"column":7}},"15":{"start":{"line":88,"column":8},"end":{"line":92,"column":19}},"16":{"start":{"line":91,"column":30},"end":{"line":91,"column":49}},"17":{"start":{"line":93,"column":13},"end":{"line":99,"column":7}},"18":{"start":{"line":94,"column":8},"end":{"line":98,"column":19}},"19":{"start":{"line":95,"column":30},"end":{"line":95,"column":52}},"20":{"start":{"line":97,"column":30},"end":{"line":97,"column":49}},"21":{"start":{"line":101,"column":6},"end":{"line":105,"column":17}},"22":{"start":{"line":102,"column":28},"end":{"line":102,"column":50}},"23":{"start":{"line":109,"column":4},"end":{"line":129,"column":5}},"24":{"start":{"line":110,"column":6},"end":{"line":122,"column":7}},"25":{"start":{"line":111,"column":8},"end":{"line":115,"column":20}},"26":{"start":{"line":114,"column":30},"end":{"line":114,"column":52}},"27":{"start":{"line":116,"column":13},"end":{"line":122,"column":7}},"28":{"start":{"line":117,"column":8},"end":{"line":121,"column":20}},"29":{"start":{"line":118,"column":30},"end":{"line":118,"column":55}},"30":{"start":{"line":120,"column":30},"end":{"line":120,"column":52}},"31":{"start":{"line":124,"column":6},"end":{"line":128,"column":18}},"32":{"start":{"line":125,"column":28},"end":{"line":125,"column":53}},"33":{"start":{"line":132,"column":4},"end":{"line":152,"column":5}},"34":{"start":{"line":133,"column":6},"end":{"line":145,"column":7}},"35":{"start":{"line":134,"column":8},"end":{"line":138,"column":20}},"36":{"start":{"line":137,"column":30},"end":{"line":137,"column":51}},"37":{"start":{"line":139,"column":13},"end":{"line":145,"column":7}},"38":{"start":{"line":140,"column":8},"end":{"line":144,"column":20}},"39":{"start":{"line":141,"column":30},"end":{"line":141,"column":54}},"40":{"start":{"line":143,"column":30},"end":{"line":143,"column":51}},"41":{"start":{"line":147,"column":6},"end":{"line":151,"column":18}},"42":{"start":{"line":148,"column":28},"end":{"line":148,"column":52}},"43":{"start":{"line":153,"column":4},"end":{"line":180,"column":6}},"44":{"start":{"line":177,"column":33},"end":{"line":177,"column":42}}},"fnMap":{"0":{"name":"(anonymous_0)","decl":{"start":{"line":78,"column":2},"end":{"line":78,"column":3}},"loc":{"start":{"line":78,"column":21},"end":{"line":81,"column":3}},"line":78},"1":{"name":"(anonymous_1)","decl":{"start":{"line":83,"column":2},"end":{"line":83,"column":3}},"loc":{"start":{"line":83,"column":11},"end":{"line":181,"column":3}},"line":83},"2":{"name":"(anonymous_2)","decl":{"start":{"line":91,"column":24},"end":{"line":91,"column":25}},"loc":{"start":{"line":91,"column":30},"end":{"line":91,"column":49}},"line":91},"3":{"name":"(anonymous_3)","decl":{"start":{"line":95,"column":24},"end":{"line":95,"column":25}},"loc":{"start":{"line":95,"column":30},"end":{"line":95,"column":52}},"line":95},"4":{"name":"(anonymous_4)","decl":{"start":{"line":97,"column":24},"end":{"line":97,"column":25}},"loc":{"start":{"line":97,"column":30},"end":{"line":97,"column":49}},"line":97},"5":{"name":"(anonymous_5)","decl":{"start":{"line":102,"column":22},"end":{"line":102,"column":23}},"loc":{"start":{"line":102,"column":28},"end":{"line":102,"column":50}},"line":102},"6":{"name":"(anonymous_6)","decl":{"start":{"line":114,"column":24},"end":{"line":114,"column":25}},"loc":{"start":{"line":114,"column":30},"end":{"line":114,"column":52}},"line":114},"7":{"name":"(anonymous_7)","decl":{"start":{"line":118,"column":24},"end":{"line":118,"column":25}},"loc":{"start":{"line":118,"column":30},"end":{"line":118,"column":55}},"line":118},"8":{"name":"(anonymous_8)","decl":{"start":{"line":120,"column":24},"end":{"line":120,"column":25}},"loc":{"start":{"line":120,"column":30},"end":{"line":120,"column":52}},"line":120},"9":{"name":"(anonymous_9)","decl":{"start":{"line":125,"column":22},"end":{"line":125,"column":23}},"loc":{"start":{"line":125,"column":28},"end":{"line":125,"column":53}},"line":125},"10":{"name":"(anonymous_10)","decl":{"start":{"line":137,"column":24},"end":{"line":137,"column":25}},"loc":{"start":{"line":137,"column":30},"end":{"line":137,"column":51}},"line":137},"11":{"name":"(anonymous_11)","decl":{"start":{"line":141,"column":24},"end":{"line":141,"column":25}},"loc":{"start":{"line":141,"column":30},"end":{"line":141,"column":54}},"line":141},"12":{"name":"(anonymous_12)","decl":{"start":{"line":143,"column":24},"end":{"line":143,"column":25}},"loc":{"start":{"line":143,"column":30},"end":{"line":143,"column":51}},"line":143},"13":{"name":"(anonymous_13)","decl":{"start":{"line":148,"column":22},"end":{"line":148,"column":23}},"loc":{"start":{"line":148,"column":28},"end":{"line":148,"column":52}},"line":148},"14":{"name":"(anonymous_14)","decl":{"start":{"line":177,"column":27},"end":{"line":177,"column":28}},"loc":{"start":{"line":177,"column":33},"end":{"line":177,"column":42}},"line":177}},"branchMap":{"0":{"loc":{"start":{"line":86,"column":4},"end":{"line":106,"column":5}},"type":"if","locations":[{"start":{"line":86,"column":4},"end":{"line":106,"column":5}},{"start":{"line":86,"column":4},"end":{"line":106,"column":5}}],"line":86},"1":{"loc":{"start":{"line":87,"column":6},"end":{"line":99,"column":7}},"type":"if","locations":[{"start":{"line":87,"column":6},"end":{"line":99,"column":7}},{"start":{"line":87,"column":6},"end":{"line":99,"column":7}}],"line":87},"2":{"loc":{"start":{"line":93,"column":13},"end":{"line":99,"column":7}},"type":"if","locations":[{"start":{"line":93,"column":13},"end":{"line":99,"column":7}},{"start":{"line":93,"column":13},"end":{"line":99,"column":7}}],"line":93},"3":{"loc":{"start":{"line":109,"column":4},"end":{"line":129,"column":5}},"type":"if","locations":[{"start":{"line":109,"column":4},"end":{"line":129,"column":5}},{"start":{"line":109,"column":4},"end":{"line":129,"column":5}}],"line":109},"4":{"loc":{"start":{"line":110,"column":6},"end":{"line":122,"column":7}},"type":"if","locations":[{"start":{"line":110,"column":6},"end":{"line":122,"column":7}},{"start":{"line":110,"column":6},"end":{"line":122,"column":7}}],"line":110},"5":{"loc":{"start":{"line":116,"column":13},"end":{"line":122,"column":7}},"type":"if","locations":[{"start":{"line":116,"column":13},"end":{"line":122,"column":7}},{"start":{"line":116,"column":13},"end":{"line":122,"column":7}}],"line":116},"6":{"loc":{"start":{"line":132,"column":4},"end":{"line":152,"column":5}},"type":"if","locations":[{"start":{"line":132,"column":4},"end":{"line":152,"column":5}},{"start":{"line":132,"column":4},"end":{"line":152,"column":5}}],"line":132},"7":{"loc":{"start":{"line":133,"column":6},"end":{"line":145,"column":7}},"type":"if","locations":[{"start":{"line":133,"column":6},"end":{"line":145,"column":7}},{"start":{"line":133,"column":6},"end":{"line":145,"column":7}}],"line":133},"8":{"loc":{"start":{"line":139,"column":13},"end":{"line":145,"column":7}},"type":"if","locations":[{"start":{"line":139,"column":13},"end":{"line":145,"column":7}},{"start":{"line":139,"column":13},"end":{"line":145,"column":7}}],"line":139}},"s":{"0":1,"1":1,"2":1,"3":1,"4":1,"5":1,"6":1,"7":1,"8":1,"9":1,"10":0,"11":0,"12":0,"13":0,"14":0,"15":0,"16":0,"17":0,"18":0,"19":0,"20":0,"21":0,"22":0,"23":0,"24":0,"25":0,"26":0,"27":0,"28":0,"29":0,"30":0,"31":0,"32":0,"33":0,"34":0,"35":0,"36":0,"37":0,"38":0,"39":0,"40":0,"41":0,"42":0,"43":0,"44":0},"f":{"0":0,"1":0,"2":0,"3":0,"4":0,"5":0,"6":0,"7":0,"8":0,"9":0,"10":0,"11":0,"12":0,"13":0,"14":0},"b":{"0":[0,0],"1":[0,0],"2":[0,0],"3":[0,0],"4":[0,0],"5":[0,0],"6":[0,0],"7":[0,0],"8":[0,0]},"_coverageSchema":"1a1c01bbd47fc00a2c39e90264f33305004495a9","hash":"8c0cb7d9a7fc0b9b8b880ccbab2ca4ebb600ce61"}
,"/Users/pepe/pepe/HR/FEC/Booking-Service/client/src/components/InitialState.jsx": {"path":"/Users/pepe/pepe/HR/FEC/Booking-Service/client/src/components/InitialState.jsx","statementMap":{"0":{"start":{"line":11,"column":18},"end":{"line":20,"column":1}},"1":{"start":{"line":24,"column":4},"end":{"line":24,"column":17}},"2":{"start":{"line":25,"column":4},"end":{"line":25,"column":20}},"3":{"start":{"line":29,"column":202},"end":{"line":29,"column":212}},"4":{"start":{"line":30,"column":27},"end":{"line":30,"column":34}},"5":{"start":{"line":31,"column":4},"end":{"line":31,"column":22}},"6":{"start":{"line":32,"column":19},"end":{"line":34,"column":27}},"7":{"start":{"line":35,"column":23},"end":{"line":37,"column":27}},"8":{"start":{"line":38,"column":25},"end":{"line":40,"column":35}},"9":{"start":{"line":41,"column":31},"end":{"line":43,"column":13}},"10":{"start":{"line":44,"column":4},"end":{"line":51,"column":6}}},"fnMap":{"0":{"name":"(anonymous_0)","decl":{"start":{"line":23,"column":2},"end":{"line":23,"column":3}},"loc":{"start":{"line":23,"column":21},"end":{"line":26,"column":3}},"line":23},"1":{"name":"(anonymous_1)","decl":{"start":{"line":28,"column":2},"end":{"line":28,"column":3}},"loc":{"start":{"line":28,"column":11},"end":{"line":52,"column":3}},"line":28}},"branchMap":{"0":{"loc":{"start":{"line":32,"column":19},"end":{"line":34,"column":27}},"type":"cond-expr","locations":[{"start":{"line":33,"column":8},"end":{"line":33,"column":45}},{"start":{"line":34,"column":8},"end":{"line":34,"column":27}}],"line":32},"1":{"loc":{"start":{"line":35,"column":23},"end":{"line":37,"column":27}},"type":"cond-expr","locations":[{"start":{"line":36,"column":8},"end":{"line":36,"column":204}},{"start":{"line":37,"column":8},"end":{"line":37,"column":27}}],"line":35},"2":{"loc":{"start":{"line":38,"column":25},"end":{"line":40,"column":35}},"type":"cond-expr","locations":[{"start":{"line":39,"column":8},"end":{"line":39,"column":75}},{"start":{"line":40,"column":8},"end":{"line":40,"column":35}}],"line":38},"3":{"loc":{"start":{"line":41,"column":31},"end":{"line":43,"column":13}},"type":"cond-expr","locations":[{"start":{"line":42,"column":8},"end":{"line":42,"column":40}},{"start":{"line":43,"column":8},"end":{"line":43,"column":13}}],"line":41}},"s":{"0":1,"1":0,"2":0,"3":0,"4":0,"5":0,"6":0,"7":0,"8":0,"9":0,"10":0},"f":{"0":0,"1":0},"b":{"0":[0,0],"1":[0,0],"2":[0,0],"3":[0,0]},"_coverageSchema":"1a1c01bbd47fc00a2c39e90264f33305004495a9","hash":"f8f00ddd330655fb76a1f936433273bf89ecd14b"}
,"/Users/pepe/pepe/HR/FEC/Booking-Service/client/src/components/InitialStateCheckInOut.jsx": {"path":"/Users/pepe/pepe/HR/FEC/Booking-Service/client/src/components/InitialStateCheckInOut.jsx","statementMap":{"0":{"start":{"line":8,"column":18},"end":{"line":13,"column":1}},"1":{"start":{"line":17,"column":4},"end":{"line":17,"column":17}},"2":{"start":{"line":18,"column":4},"end":{"line":18,"column":20}},"3":{"start":{"line":22,"column":94},"end":{"line":22,"column":104}},"4":{"start":{"line":23,"column":27},"end":{"line":23,"column":31}},"5":{"start":{"line":24,"column":23},"end":{"line":24,"column":33}},"6":{"start":{"line":25,"column":29},"end":{"line":27,"column":27}},"7":{"start":{"line":28,"column":24},"end":{"line":30,"column":27}},"8":{"start":{"line":31,"column":4},"end":{"line":36,"column":6}}},"fnMap":{"0":{"name":"(anonymous_0)","decl":{"start":{"line":16,"column":2},"end":{"line":16,"column":3}},"loc":{"start":{"line":16,"column":21},"end":{"line":19,"column":3}},"line":16},"1":{"name":"(anonymous_1)","decl":{"start":{"line":21,"column":2},"end":{"line":21,"column":3}},"loc":{"start":{"line":21,"column":11},"end":{"line":37,"column":3}},"line":21}},"branchMap":{"0":{"loc":{"start":{"line":25,"column":29},"end":{"line":27,"column":27}},"type":"cond-expr","locations":[{"start":{"line":26,"column":8},"end":{"line":26,"column":103}},{"start":{"line":27,"column":8},"end":{"line":27,"column":27}}],"line":25},"1":{"loc":{"start":{"line":28,"column":24},"end":{"line":30,"column":27}},"type":"cond-expr","locations":[{"start":{"line":29,"column":8},"end":{"line":29,"column":107}},{"start":{"line":30,"column":8},"end":{"line":30,"column":27}}],"line":28}},"s":{"0":1,"1":0,"2":0,"3":0,"4":0,"5":0,"6":0,"7":0,"8":0},"f":{"0":0,"1":0},"b":{"0":[0,0],"1":[0,0]},"_coverageSchema":"1a1c01bbd47fc00a2c39e90264f33305004495a9","hash":"8ce9d7d4d744101f1ff3cd7d16d66247c3e80908"}
,"/Users/pepe/pepe/HR/FEC/Booking-Service/client/src/components/InitialStateHeader.jsx": {"path":"/Users/pepe/pepe/HR/FEC/Booking-Service/client/src/components/InitialStateHeader.jsx","statementMap":{"0":{"start":{"line":5,"column":16},"end":{"line":11,"column":1}},"1":{"start":{"line":13,"column":16},"end":{"line":17,"column":1}},"2":{"start":{"line":20,"column":19},"end":{"line":24,"column":1}},"3":{"start":{"line":26,"column":18},"end":{"line":29,"column":1}},"4":{"start":{"line":31,"column":19},"end":{"line":35,"column":1}},"5":{"start":{"line":37,"column":20},"end":{"line":41,"column":1}},"6":{"start":{"line":46,"column":4},"end":{"line":46,"column":17}},"7":{"start":{"line":47,"column":4},"end":{"line":47,"column":20}},"8":{"start":{"line":51,"column":21},"end":{"line":51,"column":31}},"9":{"start":{"line":52,"column":63},"end":{"line":52,"column":67}},"10":{"start":{"line":53,"column":23},"end":{"line":55,"column":29}},"11":{"start":{"line":56,"column":25},"end":{"line":58,"column":29}},"12":{"start":{"line":59,"column":4},"end":{"line":64,"column":6}}},"fnMap":{"0":{"name":"(anonymous_0)","decl":{"start":{"line":45,"column":2},"end":{"line":45,"column":3}},"loc":{"start":{"line":45,"column":21},"end":{"line":48,"column":3}},"line":45},"1":{"name":"(anonymous_1)","decl":{"start":{"line":50,"column":2},"end":{"line":50,"column":3}},"loc":{"start":{"line":50,"column":11},"end":{"line":65,"column":3}},"line":50}},"branchMap":{"0":{"loc":{"start":{"line":53,"column":23},"end":{"line":55,"column":29}},"type":"cond-expr","locations":[{"start":{"line":54,"column":9},"end":{"line":54,"column":111}},{"start":{"line":55,"column":9},"end":{"line":55,"column":28}}],"line":53},"1":{"loc":{"start":{"line":56,"column":25},"end":{"line":58,"column":29}},"type":"cond-expr","locations":[{"start":{"line":57,"column":9},"end":{"line":57,"column":174}},{"start":{"line":58,"column":9},"end":{"line":58,"column":28}}],"line":56}},"s":{"0":1,"1":1,"2":1,"3":1,"4":1,"5":1,"6":0,"7":0,"8":0,"9":0,"10":0,"11":0,"12":0},"f":{"0":0,"1":0},"b":{"0":[0,0],"1":[0,0]},"_coverageSchema":"1a1c01bbd47fc00a2c39e90264f33305004495a9","hash":"9c2302faae7ccb2c9b0d04b40235082afe06592c"}
,"/Users/pepe/pepe/HR/FEC/Booking-Service/client/src/components/MonthSilder.jsx": {"path":"/Users/pepe/pepe/HR/FEC/Booking-Service/client/src/components/MonthSilder.jsx","statementMap":{"0":{"start":{"line":5,"column":18},"end":{"line":11,"column":1}},"1":{"start":{"line":13,"column":18},"end":{"line":17,"column":1}},"2":{"start":{"line":19,"column":19},"end":{"line":23,"column":1}},"3":{"start":{"line":25,"column":18},"end":{"line":31,"column":1}},"4":{"start":{"line":33,"column":19},"end":{"line":39,"column":1}},"5":{"start":{"line":43,"column":19},"end":{"line":46,"column":1}},"6":{"start":{"line":50,"column":4},"end":{"line":50,"column":17}},"7":{"start":{"line":51,"column":4},"end":{"line":51,"column":20}},"8":{"start":{"line":55,"column":4},"end":{"line":73,"column":6}}},"fnMap":{"0":{"name":"(anonymous_0)","decl":{"start":{"line":49,"column":2},"end":{"line":49,"column":3}},"loc":{"start":{"line":49,"column":21},"end":{"line":52,"column":3}},"line":49},"1":{"name":"(anonymous_1)","decl":{"start":{"line":54,"column":2},"end":{"line":54,"column":3}},"loc":{"start":{"line":54,"column":11},"end":{"line":74,"column":3}},"line":54}},"branchMap":{},"s":{"0":1,"1":1,"2":1,"3":1,"4":1,"5":1,"6":0,"7":0,"8":0},"f":{"0":0,"1":0},"b":{},"_coverageSchema":"1a1c01bbd47fc00a2c39e90264f33305004495a9","hash":"faebde5be527e7f292fb2adde36698d76304fc46"}
,"/Users/pepe/pepe/HR/FEC/Booking-Service/client/src/components/PriceDisplay.jsx": {"path":"/Users/pepe/pepe/HR/FEC/Booking-Service/client/src/components/PriceDisplay.jsx","statementMap":{"0":{"start":{"line":4,"column":18},"end":{"line":8,"column":1}},"1":{"start":{"line":10,"column":17},"end":{"line":16,"column":1}},"2":{"start":{"line":18,"column":17},"end":{"line":25,"column":1}},"3":{"start":{"line":27,"column":18},"end":{"line":32,"column":1}},"4":{"start":{"line":34,"column":14},"end":{"line":37,"column":1}},"5":{"start":{"line":39,"column":16},"end":{"line":43,"column":1}},"6":{"start":{"line":45,"column":18},"end":{"line":51,"column":1}},"7":{"start":{"line":53,"column":18},"end":{"line":56,"column":1}},"8":{"start":{"line":60,"column":4},"end":{"line":60,"column":17}},"9":{"start":{"line":61,"column":4},"end":{"line":61,"column":19}},"10":{"start":{"line":65,"column":23},"end":{"line":65,"column":33}},"11":{"start":{"line":66,"column":4},"end":{"line":75,"column":6}}},"fnMap":{"0":{"name":"(anonymous_0)","decl":{"start":{"line":59,"column":2},"end":{"line":59,"column":3}},"loc":{"start":{"line":59,"column":21},"end":{"line":62,"column":3}},"line":59},"1":{"name":"(anonymous_1)","decl":{"start":{"line":64,"column":2},"end":{"line":64,"column":3}},"loc":{"start":{"line":64,"column":11},"end":{"line":76,"column":3}},"line":64}},"branchMap":{},"s":{"0":1,"1":1,"2":1,"3":1,"4":1,"5":1,"6":1,"7":1,"8":0,"9":0,"10":0,"11":0},"f":{"0":0,"1":0},"b":{},"_coverageSchema":"1a1c01bbd47fc00a2c39e90264f33305004495a9","hash":"4419196e19e6b1a5707e1df29d08d2f05115e813"}
}
