{"/Users/owner/Desktop/Hack Reactor/more-places-to-stay-service/client/src/components/App.jsx": {"path":"/Users/owner/Desktop/Hack Reactor/more-places-to-stay-service/client/src/components/App.jsx","statementMap":{"0":{"start":{"line":10,"column":12},"end":{"line":12,"column":1}},"1":{"start":{"line":14,"column":13},"end":{"line":22,"column":1}},"2":{"start":{"line":24,"column":16},"end":{"line":34,"column":1}},"3":{"start":{"line":36,"column":15},"end":{"line":38,"column":1}},"4":{"start":{"line":40,"column":20},"end":{"line":45,"column":1}},"5":{"start":{"line":47,"column":13},"end":{"line":51,"column":1}},"6":{"start":{"line":53,"column":15},"end":{"line":70,"column":1}},"7":{"start":{"line":74,"column":4},"end":{"line":74,"column":17}},"8":{"start":{"line":75,"column":4},"end":{"line":92,"column":6}},"9":{"start":{"line":93,"column":4},"end":{"line":93,"column":41}},"10":{"start":{"line":94,"column":4},"end":{"line":94,"column":43}},"11":{"start":{"line":95,"column":4},"end":{"line":95,"column":47}},"12":{"start":{"line":96,"column":4},"end":{"line":96,"column":49}},"13":{"start":{"line":100,"column":4},"end":{"line":100,"column":20}},"14":{"start":{"line":104,"column":4},"end":{"line":104,"column":23}},"15":{"start":{"line":105,"column":27},"end":{"line":105,"column":37}},"16":{"start":{"line":107,"column":4},"end":{"line":116,"column":5}},"17":{"start":{"line":108,"column":6},"end":{"line":108,"column":18}},"18":{"start":{"line":109,"column":6},"end":{"line":109,"column":78}},"19":{"start":{"line":110,"column":11},"end":{"line":116,"column":5}},"20":{"start":{"line":111,"column":6},"end":{"line":111,"column":18}},"21":{"start":{"line":112,"column":6},"end":{"line":112,"column":77}},"22":{"start":{"line":114,"column":6},"end":{"line":114,"column":18}},"23":{"start":{"line":115,"column":6},"end":{"line":115,"column":77}},"24":{"start":{"line":117,"column":4},"end":{"line":119,"column":7}},"25":{"start":{"line":123,"column":4},"end":{"line":123,"column":23}},"26":{"start":{"line":124,"column":27},"end":{"line":124,"column":37}},"27":{"start":{"line":126,"column":4},"end":{"line":135,"column":5}},"28":{"start":{"line":127,"column":6},"end":{"line":127,"column":18}},"29":{"start":{"line":128,"column":6},"end":{"line":128,"column":77}},"30":{"start":{"line":129,"column":11},"end":{"line":135,"column":5}},"31":{"start":{"line":130,"column":6},"end":{"line":130,"column":18}},"32":{"start":{"line":131,"column":6},"end":{"line":131,"column":78}},"33":{"start":{"line":133,"column":6},"end":{"line":133,"column":18}},"34":{"start":{"line":134,"column":6},"end":{"line":134,"column":77}},"35":{"start":{"line":136,"column":4},"end":{"line":138,"column":7}},"36":{"start":{"line":142,"column":4},"end":{"line":148,"column":26}},"37":{"start":{"line":144,"column":8},"end":{"line":146,"column":11}},"38":{"start":{"line":152,"column":22},"end":{"line":152,"column":32}},"39":{"start":{"line":153,"column":4},"end":{"line":155,"column":7}},"40":{"start":{"line":159,"column":22},"end":{"line":159,"column":32}},"41":{"start":{"line":160,"column":4},"end":{"line":162,"column":7}},"42":{"start":{"line":169,"column":8},"end":{"line":169,"column":18}},"43":{"start":{"line":170,"column":19},"end":{"line":172,"column":27}},"44":{"start":{"line":173,"column":21},"end":{"line":175,"column":15}},"45":{"start":{"line":176,"column":4},"end":{"line":203,"column":6}}},"fnMap":{"0":{"name":"(anonymous_0)","decl":{"start":{"line":73,"column":2},"end":{"line":73,"column":3}},"loc":{"start":{"line":73,"column":21},"end":{"line":97,"column":3}},"line":73},"1":{"name":"(anonymous_1)","decl":{"start":{"line":99,"column":2},"end":{"line":99,"column":3}},"loc":{"start":{"line":99,"column":22},"end":{"line":101,"column":3}},"line":99},"2":{"name":"(anonymous_2)","decl":{"start":{"line":103,"column":2},"end":{"line":103,"column":3}},"loc":{"start":{"line":103,"column":12},"end":{"line":120,"column":3}},"line":103},"3":{"name":"(anonymous_3)","decl":{"start":{"line":122,"column":2},"end":{"line":122,"column":3}},"loc":{"start":{"line":122,"column":13},"end":{"line":139,"column":3}},"line":122},"4":{"name":"(anonymous_4)","decl":{"start":{"line":141,"column":2},"end":{"line":141,"column":3}},"loc":{"start":{"line":141,"column":17},"end":{"line":149,"column":3}},"line":141},"5":{"name":"(anonymous_5)","decl":{"start":{"line":143,"column":12},"end":{"line":143,"column":13}},"loc":{"start":{"line":143,"column":22},"end":{"line":147,"column":7}},"line":143},"6":{"name":"(anonymous_6)","decl":{"start":{"line":151,"column":2},"end":{"line":151,"column":3}},"loc":{"start":{"line":151,"column":14},"end":{"line":156,"column":3}},"line":151},"7":{"name":"(anonymous_7)","decl":{"start":{"line":158,"column":2},"end":{"line":158,"column":3}},"loc":{"start":{"line":158,"column":15},"end":{"line":163,"column":3}},"line":158},"8":{"name":"(anonymous_8)","decl":{"start":{"line":166,"column":2},"end":{"line":166,"column":3}},"loc":{"start":{"line":166,"column":11},"end":{"line":204,"column":3}},"line":166}},"branchMap":{"0":{"loc":{"start":{"line":107,"column":4},"end":{"line":116,"column":5}},"type":"if","locations":[{"start":{"line":107,"column":4},"end":{"line":116,"column":5}},{"start":{"line":107,"column":4},"end":{"line":116,"column":5}}],"line":107},"1":{"loc":{"start":{"line":110,"column":11},"end":{"line":116,"column":5}},"type":"if","locations":[{"start":{"line":110,"column":11},"end":{"line":116,"column":5}},{"start":{"line":110,"column":11},"end":{"line":116,"column":5}}],"line":110},"2":{"loc":{"start":{"line":126,"column":4},"end":{"line":135,"column":5}},"type":"if","locations":[{"start":{"line":126,"column":4},"end":{"line":135,"column":5}},{"start":{"line":126,"column":4},"end":{"line":135,"column":5}}],"line":126},"3":{"loc":{"start":{"line":129,"column":11},"end":{"line":135,"column":5}},"type":"if","locations":[{"start":{"line":129,"column":11},"end":{"line":135,"column":5}},{"start":{"line":129,"column":11},"end":{"line":135,"column":5}}],"line":129},"4":{"loc":{"start":{"line":170,"column":19},"end":{"line":172,"column":27}},"type":"cond-expr","locations":[{"start":{"line":171,"column":8},"end":{"line":171,"column":78}},{"start":{"line":172,"column":8},"end":{"line":172,"column":27}}],"line":170},"5":{"loc":{"start":{"line":173,"column":21},"end":{"line":175,"column":15}},"type":"cond-expr","locations":[{"start":{"line":174,"column":8},"end":{"line":174,"column":50}},{"start":{"line":175,"column":8},"end":{"line":175,"column":15}}],"line":173}},"s":{"0":1,"1":1,"2":1,"3":1,"4":1,"5":1,"6":1,"7":1,"8":1,"9":1,"10":1,"11":1,"12":1,"13":1,"14":0,"15":0,"16":0,"17":0,"18":0,"19":0,"20":0,"21":0,"22":0,"23":0,"24":0,"25":0,"26":0,"27":0,"28":0,"29":0,"30":0,"31":0,"32":0,"33":0,"34":0,"35":0,"36":1,"37":0,"38":0,"39":0,"40":0,"41":0,"42":1,"43":1,"44":1,"45":1},"f":{"0":1,"1":1,"2":0,"3":0,"4":1,"5":0,"6":0,"7":0,"8":1},"b":{"0":[0,0],"1":[0,0],"2":[0,0],"3":[0,0],"4":[0,1],"5":[0,1]},"_coverageSchema":"1a1c01bbd47fc00a2c39e90264f33305004495a9","hash":"857a00da58791710164299e5673f6a6422a5884e"}
,"/Users/owner/Desktop/Hack Reactor/more-places-to-stay-service/client/src/components/List.jsx": {"path":"/Users/owner/Desktop/Hack Reactor/more-places-to-stay-service/client/src/components/List.jsx","statementMap":{"0":{"start":{"line":6,"column":18},"end":{"line":16,"column":1}},"1":{"start":{"line":18,"column":13},"end":{"line":26,"column":1}},"2":{"start":{"line":19,"column":2},"end":{"line":25,"column":14}},"3":{"start":{"line":22,"column":8},"end":{"line":22,"column":95}}},"fnMap":{"0":{"name":"(anonymous_0)","decl":{"start":{"line":18,"column":13},"end":{"line":18,"column":14}},"loc":{"start":{"line":19,"column":2},"end":{"line":25,"column":14}},"line":19},"1":{"name":"(anonymous_1)","decl":{"start":{"line":21,"column":28},"end":{"line":21,"column":29}},"loc":{"start":{"line":22,"column":8},"end":{"line":22,"column":95}},"line":22}},"branchMap":{"0":{"loc":{"start":{"line":20,"column":5},"end":{"line":24,"column":27}},"type":"cond-expr","locations":[{"start":{"line":21,"column":8},"end":{"line":23,"column":8}},{"start":{"line":24,"column":8},"end":{"line":24,"column":27}}],"line":20}},"s":{"0":1,"1":1,"2":0,"3":0},"f":{"0":0,"1":0},"b":{"0":[0,0]},"_coverageSchema":"1a1c01bbd47fc00a2c39e90264f33305004495a9","hash":"9b2a6f401eb6a86f0a4b46980afad353cc50f21b"}
,"/Users/owner/Desktop/Hack Reactor/more-places-to-stay-service/client/src/components/ListEntry.jsx": {"path":"/Users/owner/Desktop/Hack Reactor/more-places-to-stay-service/client/src/components/ListEntry.jsx","statementMap":{"0":{"start":{"line":5,"column":19},"end":{"line":15,"column":1}},"1":{"start":{"line":17,"column":19},"end":{"line":26,"column":1}},"2":{"start":{"line":28,"column":14},"end":{"line":36,"column":1}},"3":{"start":{"line":38,"column":14},"end":{"line":52,"column":1}},"4":{"start":{"line":54,"column":19},"end":{"line":72,"column":1}},"5":{"start":{"line":74,"column":20},"end":{"line":92,"column":1}},"6":{"start":{"line":94,"column":16},"end":{"line":102,"column":1}},"7":{"start":{"line":104,"column":16},"end":{"line":117,"column":1}},"8":{"start":{"line":121,"column":4},"end":{"line":121,"column":17}},"9":{"start":{"line":122,"column":4},"end":{"line":124,"column":6}},"10":{"start":{"line":125,"column":4},"end":{"line":125,"column":49}},"11":{"start":{"line":129,"column":4},"end":{"line":129,"column":23}},"12":{"start":{"line":130,"column":22},"end":{"line":130,"column":32}},"13":{"start":{"line":131,"column":22},"end":{"line":131,"column":32}},"14":{"start":{"line":134,"column":4},"end":{"line":136,"column":5}},"15":{"start":{"line":135,"column":6},"end":{"line":135,"column":14}},"16":{"start":{"line":137,"column":4},"end":{"line":139,"column":7}},"17":{"start":{"line":143,"column":35},"end":{"line":143,"column":45}},"18":{"start":{"line":144,"column":22},"end":{"line":144,"column":32}},"19":{"start":{"line":145,"column":18},"end":{"line":153,"column":5}},"20":{"start":{"line":158,"column":4},"end":{"line":184,"column":6}}},"fnMap":{"0":{"name":"(anonymous_0)","decl":{"start":{"line":120,"column":2},"end":{"line":120,"column":3}},"loc":{"start":{"line":120,"column":21},"end":{"line":126,"column":3}},"line":120},"1":{"name":"(anonymous_1)","decl":{"start":{"line":128,"column":2},"end":{"line":128,"column":3}},"loc":{"start":{"line":128,"column":16},"end":{"line":140,"column":3}},"line":128},"2":{"name":"(anonymous_2)","decl":{"start":{"line":142,"column":2},"end":{"line":142,"column":3}},"loc":{"start":{"line":142,"column":11},"end":{"line":185,"column":3}},"line":142}},"branchMap":{"0":{"loc":{"start":{"line":134,"column":4},"end":{"line":136,"column":5}},"type":"if","locations":[{"start":{"line":134,"column":4},"end":{"line":136,"column":5}},{"start":{"line":134,"column":4},"end":{"line":136,"column":5}}],"line":134},"1":{"loc":{"start":{"line":145,"column":18},"end":{"line":153,"column":5}},"type":"cond-expr","locations":[{"start":{"line":146,"column":6},"end":{"line":148,"column":20}},{"start":{"line":150,"column":6},"end":{"line":152,"column":19}}],"line":145},"2":{"loc":{"start":{"line":162,"column":11},"end":{"line":164,"column":21}},"type":"cond-expr","locations":[{"start":{"line":163,"column":14},"end":{"line":163,"column":38}},{"start":{"line":164,"column":14},"end":{"line":164,"column":21}}],"line":162},"3":{"loc":{"start":{"line":173,"column":11},"end":{"line":175,"column":25}},"type":"cond-expr","locations":[{"start":{"line":174,"column":14},"end":{"line":174,"column":46}},{"start":{"line":175,"column":14},"end":{"line":175,"column":25}}],"line":173}},"s":{"0":1,"1":1,"2":1,"3":1,"4":1,"5":1,"6":1,"7":1,"8":0,"9":0,"10":0,"11":0,"12":0,"13":0,"14":0,"15":0,"16":0,"17":0,"18":0,"19":0,"20":0},"f":{"0":0,"1":0,"2":0},"b":{"0":[0,0],"1":[0,0],"2":[0,0],"3":[0,0]},"_coverageSchema":"1a1c01bbd47fc00a2c39e90264f33305004495a9","hash":"62888939c8f4bd1a8794fb253ae755f4a24391c6"}
,"/Users/owner/Desktop/Hack Reactor/more-places-to-stay-service/client/src/components/SaveModal.jsx": {"path":"/Users/owner/Desktop/Hack Reactor/more-places-to-stay-service/client/src/components/SaveModal.jsx","statementMap":{"0":{"start":{"line":4,"column":13},"end":{"line":21,"column":1}},"1":{"start":{"line":23,"column":14},"end":{"line":54,"column":1}},"2":{"start":{"line":56,"column":15},"end":{"line":62,"column":1}},"3":{"start":{"line":64,"column":15},"end":{"line":86,"column":1}},"4":{"start":{"line":88,"column":14},"end":{"line":96,"column":1}},"5":{"start":{"line":98,"column":14},"end":{"line":110,"column":1}},"6":{"start":{"line":112,"column":20},"end":{"line":119,"column":1}},"7":{"start":{"line":121,"column":18},"end":{"line":124,"column":1}},"8":{"start":{"line":126,"column":17},"end":{"line":151,"column":1}},"9":{"start":{"line":153,"column":19},"end":{"line":155,"column":1}},"10":{"start":{"line":157,"column":15},"end":{"line":168,"column":1}},"11":{"start":{"line":170,"column":19},"end":{"line":189,"column":1}},"12":{"start":{"line":193,"column":4},"end":{"line":193,"column":17}},"13":{"start":{"line":194,"column":4},"end":{"line":196,"column":6}},"14":{"start":{"line":197,"column":4},"end":{"line":197,"column":51}},"15":{"start":{"line":198,"column":4},"end":{"line":198,"column":49}},"16":{"start":{"line":202,"column":27},"end":{"line":202,"column":37}},"17":{"start":{"line":203,"column":4},"end":{"line":203,"column":17}},"18":{"start":{"line":207,"column":22},"end":{"line":207,"column":30}},"19":{"start":{"line":208,"column":26},"end":{"line":208,"column":36}},"20":{"start":{"line":212,"column":4},"end":{"line":240,"column":6}}},"fnMap":{"0":{"name":"(anonymous_0)","decl":{"start":{"line":192,"column":2},"end":{"line":192,"column":3}},"loc":{"start":{"line":192,"column":21},"end":{"line":199,"column":3}},"line":192},"1":{"name":"(anonymous_1)","decl":{"start":{"line":201,"column":2},"end":{"line":201,"column":3}},"loc":{"start":{"line":201,"column":16},"end":{"line":204,"column":3}},"line":201},"2":{"name":"(anonymous_2)","decl":{"start":{"line":206,"column":2},"end":{"line":206,"column":3}},"loc":{"start":{"line":206,"column":16},"end":{"line":209,"column":3}},"line":206},"3":{"name":"(anonymous_3)","decl":{"start":{"line":211,"column":2},"end":{"line":211,"column":3}},"loc":{"start":{"line":211,"column":11},"end":{"line":241,"column":3}},"line":211}},"branchMap":{},"s":{"0":1,"1":1,"2":1,"3":1,"4":1,"5":1,"6":1,"7":1,"8":1,"9":1,"10":1,"11":1,"12":0,"13":0,"14":0,"15":0,"16":0,"17":0,"18":0,"19":0,"20":0},"f":{"0":0,"1":0,"2":0,"3":0},"b":{},"_coverageSchema":"1a1c01bbd47fc00a2c39e90264f33305004495a9","hash":"cf361ff2a5fbe5df34630835542046911f603f5b"}
,"/Users/owner/Desktop/Hack Reactor/more-places-to-stay-service/database/index.js": {"path":"/Users/owner/Desktop/Hack Reactor/more-places-to-stay-service/database/index.js","statementMap":{"0":{"start":{"line":1,"column":17},"end":{"line":1,"column":36}},"1":{"start":{"line":3,"column":0},"end":{"line":3,"column":74}},"2":{"start":{"line":5,"column":11},"end":{"line":5,"column":30}},"3":{"start":{"line":6,"column":0},"end":{"line":6,"column":76}},"4":{"start":{"line":6,"column":23},"end":{"line":6,"column":72}},"5":{"start":{"line":7,"column":0},"end":{"line":7,"column":60}},"6":{"start":{"line":7,"column":24},"end":{"line":7,"column":56}},"7":{"start":{"line":9,"column":22},"end":{"line":24,"column":2}},"8":{"start":{"line":26,"column":16},"end":{"line":26,"column":56}},"9":{"start":{"line":28,"column":0},"end":{"line":31,"column":2}}},"fnMap":{"0":{"name":"(anonymous_0)","decl":{"start":{"line":6,"column":15},"end":{"line":6,"column":16}},"loc":{"start":{"line":6,"column":21},"end":{"line":6,"column":74}},"line":6},"1":{"name":"(anonymous_1)","decl":{"start":{"line":7,"column":16},"end":{"line":7,"column":17}},"loc":{"start":{"line":7,"column":22},"end":{"line":7,"column":58}},"line":7}},"branchMap":{},"s":{"0":1,"1":1,"2":1,"3":1,"4":0,"5":1,"6":1,"7":1,"8":1,"9":1},"f":{"0":0,"1":1},"b":{},"_coverageSchema":"1a1c01bbd47fc00a2c39e90264f33305004495a9","hash":"6f47320ab56af74e9f7a476eee635070383ce711"}
}
