TN:
SF:client/src/components/App.jsx
FN:73,(anonymous_0)
FN:99,(anonymous_1)
FN:103,(anonymous_2)
FN:122,(anonymous_3)
FN:141,(anonymous_4)
FN:143,(anonymous_5)
FN:151,(anonymous_6)
FN:158,(anonymous_7)
FN:166,(anonymous_8)
FNF:9
FNH:4
FNDA:1,(anonymous_0)
FNDA:1,(anonymous_1)
FNDA:0,(anonymous_2)
FNDA:0,(anonymous_3)
FNDA:1,(anonymous_4)
FNDA:0,(anonymous_5)
FNDA:0,(anonymous_6)
FNDA:0,(anonymous_7)
FNDA:1,(anonymous_8)
DA:10,1
DA:14,1
DA:24,1
DA:36,1
DA:40,1
DA:47,1
DA:53,1
DA:74,1
DA:75,1
DA:93,1
DA:94,1
DA:95,1
DA:96,1
DA:100,1
DA:104,0
DA:105,0
DA:107,0
DA:108,0
DA:109,0
DA:110,0
DA:111,0
DA:112,0
DA:114,0
DA:115,0
DA:117,0
DA:123,0
DA:124,0
DA:126,0
DA:127,0
DA:128,0
DA:129,0
DA:130,0
DA:131,0
DA:133,0
DA:134,0
DA:136,0
DA:142,1
DA:144,0
DA:152,0
DA:153,0
DA:159,0
DA:160,0
DA:169,1
DA:170,1
DA:173,1
DA:176,1
LF:46
LH:19
BRDA:107,0,0,0
BRDA:107,0,1,0
BRDA:110,1,0,0
BRDA:110,1,1,0
BRDA:126,2,0,0
BRDA:126,2,1,0
BRDA:129,3,0,0
BRDA:129,3,1,0
BRDA:170,4,0,0
BRDA:170,4,1,1
BRDA:173,5,0,0
BRDA:173,5,1,1
BRF:12
BRH:2
end_of_record
TN:
SF:client/src/components/List.jsx
FN:18,(anonymous_0)
FN:21,(anonymous_1)
FNF:2
FNH:0
FNDA:0,(anonymous_0)
FNDA:0,(anonymous_1)
DA:6,1
DA:18,1
DA:19,0
DA:22,0
LF:4
LH:2
BRDA:20,0,0,0
BRDA:20,0,1,0
BRF:2
BRH:0
end_of_record
TN:
SF:client/src/components/ListEntry.jsx
FN:120,(anonymous_0)
FN:128,(anonymous_1)
FN:142,(anonymous_2)
FNF:3
FNH:0
FNDA:0,(anonymous_0)
FNDA:0,(anonymous_1)
FNDA:0,(anonymous_2)
DA:5,1
DA:17,1
DA:28,1
DA:38,1
DA:54,1
DA:74,1
DA:94,1
DA:104,1
DA:121,0
DA:122,0
DA:125,0
DA:129,0
DA:130,0
DA:131,0
DA:134,0
DA:135,0
DA:137,0
DA:143,0
DA:144,0
DA:145,0
DA:158,0
LF:21
LH:8
BRDA:134,0,0,0
BRDA:134,0,1,0
BRDA:145,1,0,0
BRDA:145,1,1,0
BRDA:162,2,0,0
BRDA:162,2,1,0
BRDA:173,3,0,0
BRDA:173,3,1,0
BRF:8
BRH:0
end_of_record
TN:
SF:client/src/components/SaveModal.jsx
FN:192,(anonymous_0)
FN:201,(anonymous_1)
FN:206,(anonymous_2)
FN:211,(anonymous_3)
FNF:4
FNH:0
FNDA:0,(anonymous_0)
FNDA:0,(anonymous_1)
FNDA:0,(anonymous_2)
FNDA:0,(anonymous_3)
DA:4,1
DA:23,1
DA:56,1
DA:64,1
DA:88,1
DA:98,1
DA:112,1
DA:121,1
DA:126,1
DA:153,1
DA:157,1
DA:170,1
DA:193,0
DA:194,0
DA:197,0
DA:198,0
DA:202,0
DA:203,0
DA:207,0
DA:208,0
DA:212,0
LF:21
LH:12
BRF:0
BRH:0
end_of_record
TN:
SF:database/index.js
FN:6,(anonymous_0)
FN:7,(anonymous_1)
FNF:2
FNH:1
FNDA:0,(anonymous_0)
FNDA:1,(anonymous_1)
DA:1,1
DA:3,1
DA:5,1
DA:6,1
DA:7,1
DA:9,1
DA:26,1
DA:28,1
LF:8
LH:8
BRF:0
BRH:0
end_of_record
