{"/Users/ufo/dev/Airbnb/Gallery-Service/client/components/App.jsx": {"path":"/Users/ufo/dev/Airbnb/Gallery-Service/client/components/App.jsx","statementMap":{"0":{"start":{"line":8,"column":14},"end":{"line":8,"column":30}},"1":{"start":{"line":17,"column":18},"end":{"line":24,"column":1}},"2":{"start":{"line":26,"column":20},"end":{"line":33,"column":1}},"3":{"start":{"line":34,"column":24},"end":{"line":42,"column":1}},"4":{"start":{"line":43,"column":21},"end":{"line":51,"column":1}},"5":{"start":{"line":55,"column":4},"end":{"line":55,"column":17}},"6":{"start":{"line":56,"column":4},"end":{"line":62,"column":6}},"7":{"start":{"line":63,"column":4},"end":{"line":63,"column":43}},"8":{"start":{"line":64,"column":4},"end":{"line":64,"column":51}},"9":{"start":{"line":65,"column":4},"end":{"line":65,"column":55}},"10":{"start":{"line":66,"column":4},"end":{"line":66,"column":59}},"11":{"start":{"line":67,"column":4},"end":{"line":67,"column":61}},"12":{"start":{"line":72,"column":4},"end":{"line":72,"column":21}},"13":{"start":{"line":77,"column":4},"end":{"line":85,"column":9}},"14":{"start":{"line":79,"column":8},"end":{"line":81,"column":11}},"15":{"start":{"line":84,"column":8},"end":{"line":84,"column":27}},"16":{"start":{"line":89,"column":4},"end":{"line":97,"column":5}},"17":{"start":{"line":91,"column":6},"end":{"line":95,"column":8}},"18":{"start":{"line":99,"column":4},"end":{"line":106,"column":5}},"19":{"start":{"line":100,"column":6},"end":{"line":104,"column":8}},"20":{"start":{"line":110,"column":29},"end":{"line":110,"column":39}},"21":{"start":{"line":111,"column":19},"end":{"line":111,"column":27}},"22":{"start":{"line":112,"column":4},"end":{"line":115,"column":7}},"23":{"start":{"line":119,"column":31},"end":{"line":119,"column":41}},"24":{"start":{"line":120,"column":4},"end":{"line":122,"column":7}},"25":{"start":{"line":127,"column":4},"end":{"line":127,"column":39}},"26":{"start":{"line":132,"column":64},"end":{"line":132,"column":74}},"27":{"start":{"line":135,"column":19},"end":{"line":136,"column":27}},"28":{"start":{"line":138,"column":19},"end":{"line":139,"column":34}},"29":{"start":{"line":142,"column":25},"end":{"line":153,"column":15}},"30":{"start":{"line":155,"column":22},"end":{"line":159,"column":15}},"31":{"start":{"line":161,"column":4},"end":{"line":171,"column":6}}},"fnMap":{"0":{"name":"(anonymous_0)","decl":{"start":{"line":54,"column":2},"end":{"line":54,"column":3}},"loc":{"start":{"line":54,"column":21},"end":{"line":68,"column":3}},"line":54},"1":{"name":"(anonymous_1)","decl":{"start":{"line":71,"column":2},"end":{"line":71,"column":3}},"loc":{"start":{"line":71,"column":22},"end":{"line":73,"column":3}},"line":71},"2":{"name":"(anonymous_2)","decl":{"start":{"line":76,"column":2},"end":{"line":76,"column":3}},"loc":{"start":{"line":76,"column":18},"end":{"line":86,"column":3}},"line":76},"3":{"name":"(anonymous_3)","decl":{"start":{"line":78,"column":12},"end":{"line":78,"column":13}},"loc":{"start":{"line":78,"column":26},"end":{"line":82,"column":7}},"line":78},"4":{"name":"(anonymous_4)","decl":{"start":{"line":83,"column":13},"end":{"line":83,"column":14}},"loc":{"start":{"line":83,"column":24},"end":{"line":85,"column":7}},"line":83},"5":{"name":"(anonymous_5)","decl":{"start":{"line":88,"column":2},"end":{"line":88,"column":3}},"loc":{"start":{"line":88,"column":27},"end":{"line":107,"column":3}},"line":88},"6":{"name":"(anonymous_6)","decl":{"start":{"line":109,"column":2},"end":{"line":109,"column":3}},"loc":{"start":{"line":109,"column":17},"end":{"line":116,"column":3}},"line":109},"7":{"name":"(anonymous_7)","decl":{"start":{"line":118,"column":2},"end":{"line":118,"column":3}},"loc":{"start":{"line":118,"column":20},"end":{"line":124,"column":3}},"line":118},"8":{"name":"(anonymous_8)","decl":{"start":{"line":126,"column":2},"end":{"line":126,"column":3}},"loc":{"start":{"line":126,"column":21},"end":{"line":128,"column":3}},"line":126},"9":{"name":"(anonymous_9)","decl":{"start":{"line":130,"column":2},"end":{"line":130,"column":3}},"loc":{"start":{"line":130,"column":11},"end":{"line":172,"column":3}},"line":130}},"branchMap":{"0":{"loc":{"start":{"line":89,"column":4},"end":{"line":97,"column":5}},"type":"if","locations":[{"start":{"line":89,"column":4},"end":{"line":97,"column":5}},{"start":{"line":89,"column":4},"end":{"line":97,"column":5}}],"line":89},"1":{"loc":{"start":{"line":99,"column":4},"end":{"line":106,"column":5}},"type":"if","locations":[{"start":{"line":99,"column":4},"end":{"line":106,"column":5}},{"start":{"line":99,"column":4},"end":{"line":106,"column":5}}],"line":99},"2":{"loc":{"start":{"line":135,"column":19},"end":{"line":136,"column":27}},"type":"cond-expr","locations":[{"start":{"line":135,"column":26},"end":{"line":135,"column":87}},{"start":{"line":136,"column":8},"end":{"line":136,"column":27}}],"line":135},"3":{"loc":{"start":{"line":138,"column":19},"end":{"line":139,"column":34}},"type":"cond-expr","locations":[{"start":{"line":138,"column":26},"end":{"line":138,"column":86}},{"start":{"line":139,"column":8},"end":{"line":139,"column":34}}],"line":138},"4":{"loc":{"start":{"line":142,"column":25},"end":{"line":153,"column":15}},"type":"cond-expr","locations":[{"start":{"line":144,"column":8},"end":{"line":151,"column":10}},{"start":{"line":153,"column":8},"end":{"line":153,"column":15}}],"line":142},"5":{"loc":{"start":{"line":142,"column":26},"end":{"line":142,"column":53}},"type":"binary-expr","locations":[{"start":{"line":142,"column":26},"end":{"line":142,"column":38}},{"start":{"line":142,"column":42},"end":{"line":142,"column":53}}],"line":142},"6":{"loc":{"start":{"line":155,"column":22},"end":{"line":159,"column":15}},"type":"cond-expr","locations":[{"start":{"line":157,"column":8},"end":{"line":157,"column":60}},{"start":{"line":159,"column":8},"end":{"line":159,"column":15}}],"line":155}},"s":{"0":1,"1":1,"2":1,"3":1,"4":1,"5":1,"6":1,"7":1,"8":1,"9":1,"10":1,"11":1,"12":1,"13":1,"14":0,"15":0,"16":0,"17":0,"18":0,"19":0,"20":0,"21":0,"22":0,"23":0,"24":0,"25":0,"26":1,"27":1,"28":1,"29":1,"30":1,"31":1},"f":{"0":1,"1":1,"2":1,"3":0,"4":0,"5":0,"6":0,"7":0,"8":0,"9":1},"b":{"0":[0,0],"1":[0,0],"2":[0,1],"3":[0,1],"4":[0,1],"5":[1,0],"6":[0,1]},"_coverageSchema":"1a1c01bbd47fc00a2c39e90264f33305004495a9","hash":"a631f4f2f7a54a174fe08f03c5defc8778dbf593"}
,"/Users/ufo/dev/Airbnb/Gallery-Service/client/components/GalleryModal.jsx": {"path":"/Users/ufo/dev/Airbnb/Gallery-Service/client/components/GalleryModal.jsx","statementMap":{"0":{"start":{"line":4,"column":24},"end":{"line":24,"column":1}},"1":{"start":{"line":26,"column":19},"end":{"line":32,"column":1}},"2":{"start":{"line":33,"column":20},"end":{"line":42,"column":1}},"3":{"start":{"line":43,"column":20},"end":{"line":51,"column":1}},"4":{"start":{"line":52,"column":21},"end":{"line":55,"column":1}},"5":{"start":{"line":57,"column":20},"end":{"line":72,"column":1}},"6":{"start":{"line":73,"column":19},"end":{"line":85,"column":1}},"7":{"start":{"line":87,"column":23},"end":{"line":102,"column":1}},"8":{"start":{"line":104,"column":19},"end":{"line":106,"column":1}},"9":{"start":{"line":108,"column":15},"end":{"line":113,"column":1}},"10":{"start":{"line":114,"column":16},"end":{"line":118,"column":1}},"11":{"start":{"line":120,"column":21},"end":{"line":124,"column":1}},"12":{"start":{"line":125,"column":19},"end":{"line":128,"column":1}},"13":{"start":{"line":132,"column":4},"end":{"line":132,"column":17}},"14":{"start":{"line":133,"column":4},"end":{"line":134,"column":6}},"15":{"start":{"line":135,"column":4},"end":{"line":135,"column":51}},"16":{"start":{"line":139,"column":4},"end":{"line":139,"column":39}},"17":{"start":{"line":143,"column":83},"end":{"line":143,"column":93}},"18":{"start":{"line":147,"column":24},"end":{"line":147,"column":63}},"19":{"start":{"line":150,"column":22},"end":{"line":150,"column":53}},"20":{"start":{"line":153,"column":20},"end":{"line":153,"column":53}},"21":{"start":{"line":156,"column":27},"end":{"line":161,"column":7}},"22":{"start":{"line":164,"column":23},"end":{"line":169,"column":7}},"23":{"start":{"line":171,"column":4},"end":{"line":197,"column":6}}},"fnMap":{"0":{"name":"(anonymous_0)","decl":{"start":{"line":131,"column":2},"end":{"line":131,"column":3}},"loc":{"start":{"line":131,"column":21},"end":{"line":136,"column":3}},"line":131},"1":{"name":"(anonymous_1)","decl":{"start":{"line":138,"column":2},"end":{"line":138,"column":3}},"loc":{"start":{"line":138,"column":17},"end":{"line":140,"column":3}},"line":138},"2":{"name":"(anonymous_2)","decl":{"start":{"line":142,"column":2},"end":{"line":142,"column":3}},"loc":{"start":{"line":142,"column":11},"end":{"line":198,"column":3}},"line":142}},"branchMap":{"0":{"loc":{"start":{"line":156,"column":27},"end":{"line":161,"column":7}},"type":"cond-expr","locations":[{"start":{"line":156,"column":49},"end":{"line":156,"column":56}},{"start":{"line":158,"column":8},"end":{"line":160,"column":25}}],"line":156},"1":{"loc":{"start":{"line":164,"column":23},"end":{"line":169,"column":7}},"type":"cond-expr","locations":[{"start":{"line":164,"column":59},"end":{"line":164,"column":66}},{"start":{"line":166,"column":8},"end":{"line":168,"column":21}}],"line":164}},"s":{"0":2,"1":2,"2":2,"3":2,"4":2,"5":2,"6":2,"7":2,"8":2,"9":2,"10":2,"11":2,"12":2,"13":2,"14":2,"15":2,"16":0,"17":2,"18":2,"19":0,"20":0,"21":0,"22":0,"23":0},"f":{"0":2,"1":0,"2":2},"b":{"0":[0,0],"1":[0,0]},"_coverageSchema":"1a1c01bbd47fc00a2c39e90264f33305004495a9","hash":"b01d4f7700bcf944461db010c3a4b166c93d4975"}
,"/Users/ufo/dev/Airbnb/Gallery-Service/client/components/Header.jsx": {"path":"/Users/ufo/dev/Airbnb/Gallery-Service/client/components/Header.jsx","statementMap":{"0":{"start":{"line":5,"column":22},"end":{"line":12,"column":1}},"1":{"start":{"line":13,"column":17},"end":{"line":17,"column":1}},"2":{"start":{"line":18,"column":19},"end":{"line":24,"column":1}},"3":{"start":{"line":26,"column":15},"end":{"line":31,"column":1}},"4":{"start":{"line":32,"column":20},"end":{"line":39,"column":1}},"5":{"start":{"line":40,"column":21},"end":{"line":43,"column":1}},"6":{"start":{"line":44,"column":22},"end":{"line":53,"column":1}},"7":{"start":{"line":54,"column":18},"end":{"line":62,"column":1}},"8":{"start":{"line":63,"column":17},"end":{"line":69,"column":1}},"9":{"start":{"line":71,"column":23},"end":{"line":74,"column":1}},"10":{"start":{"line":76,"column":18},"end":{"line":80,"column":1}},"11":{"start":{"line":81,"column":14},"end":{"line":87,"column":1}},"12":{"start":{"line":88,"column":13},"end":{"line":93,"column":1}},"13":{"start":{"line":96,"column":4},"end":{"line":96,"column":17}},"14":{"start":{"line":97,"column":4},"end":{"line":97,"column":20}},"15":{"start":{"line":101,"column":66},"end":{"line":101,"column":81}},"16":{"start":{"line":102,"column":22},"end":{"line":103,"column":15}},"17":{"start":{"line":104,"column":4},"end":{"line":121,"column":6}}},"fnMap":{"0":{"name":"(anonymous_0)","decl":{"start":{"line":95,"column":2},"end":{"line":95,"column":3}},"loc":{"start":{"line":95,"column":21},"end":{"line":98,"column":3}},"line":95},"1":{"name":"(anonymous_1)","decl":{"start":{"line":100,"column":2},"end":{"line":100,"column":3}},"loc":{"start":{"line":100,"column":11},"end":{"line":122,"column":3}},"line":100}},"branchMap":{"0":{"loc":{"start":{"line":102,"column":22},"end":{"line":103,"column":15}},"type":"cond-expr","locations":[{"start":{"line":102,"column":35},"end":{"line":102,"column":103}},{"start":{"line":103,"column":8},"end":{"line":103,"column":15}}],"line":102}},"s":{"0":2,"1":2,"2":2,"3":2,"4":2,"5":2,"6":2,"7":2,"8":2,"9":2,"10":2,"11":2,"12":2,"13":1,"14":1,"15":1,"16":1,"17":1},"f":{"0":1,"1":1},"b":{"0":[1,0]},"_coverageSchema":"1a1c01bbd47fc00a2c39e90264f33305004495a9","hash":"599fe9ba6b07617afc8eea905ca601c17ea104ff"}
,"/Users/ufo/dev/Airbnb/Gallery-Service/client/components/Images.jsx": {"path":"/Users/ufo/dev/Airbnb/Gallery-Service/client/components/Images.jsx","statementMap":{"0":{"start":{"line":4,"column":19},"end":{"line":14,"column":1}},"1":{"start":{"line":16,"column":17},"end":{"line":22,"column":1}},"2":{"start":{"line":23,"column":17},"end":{"line":31,"column":1}},"3":{"start":{"line":32,"column":17},"end":{"line":39,"column":1}},"4":{"start":{"line":41,"column":16},"end":{"line":44,"column":1}},"5":{"start":{"line":46,"column":17},"end":{"line":49,"column":1}},"6":{"start":{"line":53,"column":4},"end":{"line":53,"column":17}},"7":{"start":{"line":54,"column":4},"end":{"line":54,"column":20}},"8":{"start":{"line":58,"column":4},"end":{"line":72,"column":6}}},"fnMap":{"0":{"name":"(anonymous_0)","decl":{"start":{"line":52,"column":2},"end":{"line":52,"column":3}},"loc":{"start":{"line":52,"column":21},"end":{"line":55,"column":3}},"line":52},"1":{"name":"(anonymous_1)","decl":{"start":{"line":57,"column":2},"end":{"line":57,"column":3}},"loc":{"start":{"line":57,"column":11},"end":{"line":73,"column":3}},"line":57}},"branchMap":{},"s":{"0":1,"1":1,"2":1,"3":1,"4":1,"5":1,"6":0,"7":0,"8":0},"f":{"0":0,"1":0},"b":{},"_coverageSchema":"1a1c01bbd47fc00a2c39e90264f33305004495a9","hash":"8d74b3dda293123870800ba0ceb13201c701268f"}
,"/Users/ufo/dev/Airbnb/Gallery-Service/client/components/SaveModal.jsx": {"path":"/Users/ufo/dev/Airbnb/Gallery-Service/client/components/SaveModal.jsx","statementMap":{"0":{"start":{"line":4,"column":20},"end":{"line":10,"column":1}},"1":{"start":{"line":11,"column":27},"end":{"line":33,"column":1}},"2":{"start":{"line":35,"column":21},"end":{"line":42,"column":1}},"3":{"start":{"line":44,"column":24},"end":{"line":53,"column":1}},"4":{"start":{"line":54,"column":28},"end":{"line":62,"column":1}},"5":{"start":{"line":63,"column":20},"end":{"line":77,"column":1}},"6":{"start":{"line":78,"column":27},"end":{"line":85,"column":1}},"7":{"start":{"line":88,"column":30},"end":{"line":88,"column":35}},"8":{"start":{"line":89,"column":2},"end":{"line":101,"column":4}}},"fnMap":{"0":{"name":"SaveModal","decl":{"start":{"line":87,"column":9},"end":{"line":87,"column":18}},"loc":{"start":{"line":87,"column":26},"end":{"line":102,"column":1}},"line":87}},"branchMap":{},"s":{"0":2,"1":2,"2":2,"3":2,"4":2,"5":2,"6":2,"7":1,"8":1},"f":{"0":1},"b":{},"_coverageSchema":"1a1c01bbd47fc00a2c39e90264f33305004495a9","hash":"c748cfa367316e81ac27d07f1b4187ca20a4f6cc"}
,"/Users/ufo/dev/Airbnb/Gallery-Service/database/index.js": {"path":"/Users/ufo/dev/Airbnb/Gallery-Service/database/index.js","statementMap":{"0":{"start":{"line":1,"column":17},"end":{"line":1,"column":36}},"1":{"start":{"line":2,"column":0},"end":{"line":2,"column":75}},"2":{"start":{"line":5,"column":11},"end":{"line":5,"column":30}},"3":{"start":{"line":7,"column":0},"end":{"line":7,"column":65}},"4":{"start":{"line":8,"column":0},"end":{"line":10,"column":3}},"5":{"start":{"line":9,"column":2},"end":{"line":9,"column":52}},"6":{"start":{"line":13,"column":13},"end":{"line":25,"column":2}},"7":{"start":{"line":28,"column":11},"end":{"line":28,"column":41}},"8":{"start":{"line":30,"column":0},"end":{"line":33,"column":2}}},"fnMap":{"0":{"name":"(anonymous_0)","decl":{"start":{"line":8,"column":16},"end":{"line":8,"column":17}},"loc":{"start":{"line":8,"column":22},"end":{"line":10,"column":1}},"line":8}},"branchMap":{},"s":{"0":1,"1":1,"2":1,"3":1,"4":1,"5":1,"6":1,"7":1,"8":1},"f":{"0":1},"b":{},"_coverageSchema":"1a1c01bbd47fc00a2c39e90264f33305004495a9","hash":"02455752e16bf2caf93b49753d2864d55f0d8e04"}
}
