TN:
SF:client/components/App.jsx
FN:54,(anonymous_0)
FN:71,(anonymous_1)
FN:76,(anonymous_2)
FN:78,(anonymous_3)
FN:83,(anonymous_4)
FN:88,(anonymous_5)
FN:109,(anonymous_6)
FN:118,(anonymous_7)
FN:126,(anonymous_8)
FN:130,(anonymous_9)
FNF:10
FNH:4
FNDA:1,(anonymous_0)
FNDA:1,(anonymous_1)
FNDA:1,(anonymous_2)
FNDA:0,(anonymous_3)
FNDA:0,(anonymous_4)
FNDA:0,(anonymous_5)
FNDA:0,(anonymous_6)
FNDA:0,(anonymous_7)
FNDA:0,(anonymous_8)
FNDA:1,(anonymous_9)
DA:8,1
DA:17,1
DA:26,1
DA:34,1
DA:43,1
DA:55,1
DA:56,1
DA:63,1
DA:64,1
DA:65,1
DA:66,1
DA:67,1
DA:72,1
DA:77,1
DA:79,0
DA:84,0
DA:89,0
DA:91,0
DA:99,0
DA:100,0
DA:110,0
DA:111,0
DA:112,0
DA:119,0
DA:120,0
DA:127,0
DA:132,1
DA:135,1
DA:138,1
DA:142,1
DA:155,1
DA:161,1
LF:32
LH:20
BRDA:89,0,0,0
BRDA:89,0,1,0
BRDA:99,1,0,0
BRDA:99,1,1,0
BRDA:135,2,0,0
BRDA:135,2,1,1
BRDA:138,3,0,0
BRDA:138,3,1,1
BRDA:142,4,0,0
BRDA:142,4,1,1
BRDA:142,5,0,1
BRDA:142,5,1,0
BRDA:155,6,0,0
BRDA:155,6,1,1
BRF:14
BRH:5
end_of_record
TN:
SF:client/components/GalleryModal.jsx
FN:131,(anonymous_0)
FN:138,(anonymous_1)
FN:142,(anonymous_2)
FNF:3
FNH:2
FNDA:2,(anonymous_0)
FNDA:0,(anonymous_1)
FNDA:2,(anonymous_2)
DA:4,2
DA:26,2
DA:33,2
DA:43,2
DA:52,2
DA:57,2
DA:73,2
DA:87,2
DA:104,2
DA:108,2
DA:114,2
DA:120,2
DA:125,2
DA:132,2
DA:133,2
DA:135,2
DA:139,0
DA:143,2
DA:147,2
DA:150,0
DA:153,0
DA:156,0
DA:164,0
DA:171,0
LF:24
LH:18
BRDA:156,0,0,0
BRDA:156,0,1,0
BRDA:164,1,0,0
BRDA:164,1,1,0
BRF:4
BRH:0
end_of_record
TN:
SF:client/components/Header.jsx
FN:95,(anonymous_0)
FN:100,(anonymous_1)
FNF:2
FNH:2
FNDA:1,(anonymous_0)
FNDA:1,(anonymous_1)
DA:5,2
DA:13,2
DA:18,2
DA:26,2
DA:32,2
DA:40,2
DA:44,2
DA:54,2
DA:63,2
DA:71,2
DA:76,2
DA:81,2
DA:88,2
DA:96,1
DA:97,1
DA:101,1
DA:102,1
DA:104,1
LF:18
LH:18
BRDA:102,0,0,1
BRDA:102,0,1,0
BRF:2
BRH:1
end_of_record
TN:
SF:client/components/Images.jsx
FN:52,(anonymous_0)
FN:57,(anonymous_1)
FNF:2
FNH:0
FNDA:0,(anonymous_0)
FNDA:0,(anonymous_1)
DA:4,1
DA:16,1
DA:23,1
DA:32,1
DA:41,1
DA:46,1
DA:53,0
DA:54,0
DA:58,0
LF:9
LH:6
BRF:0
BRH:0
end_of_record
TN:
SF:client/components/SaveModal.jsx
FN:87,SaveModal
FNF:1
FNH:1
FNDA:1,SaveModal
DA:4,2
DA:11,2
DA:35,2
DA:44,2
DA:54,2
DA:63,2
DA:78,2
DA:88,1
DA:89,1
LF:9
LH:9
BRF:0
BRH:0
end_of_record
TN:
SF:database/index.js
FN:8,(anonymous_0)
FNF:1
FNH:1
FNDA:1,(anonymous_0)
DA:1,1
DA:2,1
DA:5,1
DA:7,1
DA:8,1
DA:9,1
DA:13,1
DA:28,1
DA:30,1
LF:9
LH:9
BRF:0
BRH:0
end_of_record
